Using pre-set license
Built from '2020.3/staging' branch; Version is '2020.3.11f1 (99c7afb366b3) revision 10078127'; Using compiler version '192528614'; Build Type 'Release'
OS: 'Windows 10 Education; OS build 18363.1621; Version 1909; 64bit' Language: 'en' Physical Memory: 32683 MB
BatchMode: 1, IsHumanControllingUs: 0, StartBugReporterOnCrash: 0, Is64bit: 1, IsPro: 0

 COMMAND LINE ARGUMENTS:
C:\Users\MACKENZB\Documents\unity stuff\2020.3.11f1\Editor\Unity.exe
-adb2
-batchMode
-noUpm
-name
AssetImportWorker0
-projectPath
C:/Users/MACKENZB/Card Game
-logFile
Logs/AssetImportWorker0.log
-srvPort
49209
Successfully changed project path to: C:/Users/MACKENZB/Card Game
C:/Users/MACKENZB/Card Game
Using Asset Import Pipeline V2.
Refreshing native plugins compatible for Editor in 37.80 ms, found 3 plugins.
Preloading 0 native plugins for Editor in 0.00 ms.
Initialize engine version: 2020.3.11f1 (99c7afb366b3)
[Subsystems] Discovering subsystems at path C:/Users/MACKENZB/Documents/unity stuff/2020.3.11f1/Editor/Data/Resources/UnitySubsystems
[Subsystems] Discovering subsystems at path C:/Users/MACKENZB/Card Game/Assets
GfxDevice: creating device client; threaded=0
Direct3D:
    Version:  Direct3D 11.0 [level 11.1]
    Renderer: NVIDIA GeForce RTX 2080 SUPER (ID=0x1e81)
    Vendor:   
    VRAM:     8010 MB
    Driver:   27.21.14.5671
Initialize mono
Mono path[0] = 'C:/Users/MACKENZB/Documents/unity stuff/2020.3.11f1/Editor/Data/Managed'
Mono path[1] = 'C:/Users/MACKENZB/Documents/unity stuff/2020.3.11f1/Editor/Data/MonoBleedingEdge/lib/mono/unityjit'
Mono config path = 'C:/Users/MACKENZB/Documents/unity stuff/2020.3.11f1/Editor/Data/MonoBleedingEdge/etc'
Using monoOptions --debugger-agent=transport=dt_socket,embedding=1,server=y,suspend=n,address=127.0.0.1:56648
Begin MonoManager ReloadAssembly
Registering precompiled unity dll's ...
Register platform support module: C:/Users/MACKENZB/Documents/unity stuff/2020.3.11f1/Editor/Data/PlaybackEngines/WebGLSupport/UnityEditor.WebGL.Extensions.dll
Register platform support module: C:/Users/MACKENZB/Documents/unity stuff/2020.3.11f1/Editor/Data/PlaybackEngines/WindowsStandaloneSupport/UnityEditor.WindowsStandalone.Extensions.dll
Registered in 0.001803 seconds.
Native extension for WindowsStandalone target not found
Native extension for WebGL target not found
Refreshing native plugins compatible for Editor in 37.20 ms, found 3 plugins.
Preloading 0 native plugins for Editor in 0.00 ms.
Mono: successfully reloaded assembly
- Completed reload, in  0.941 seconds
Platform modules already initialized, skipping
Registering precompiled user dll's ...
Registered in 0.003482 seconds.
Begin MonoManager ReloadAssembly
Native extension for WindowsStandalone target not found
Native extension for WebGL target not found
Refreshing native plugins compatible for Editor in 36.36 ms, found 3 plugins.
Preloading 0 native plugins for Editor in 0.00 ms.
Mono: successfully reloaded assembly
- Completed reload, in  0.971 seconds
Platform modules already initialized, skipping
========================================================================
Worker process is ready to serve import requests
Launched and connected shader compiler UnityShaderCompiler.exe after 0.05 seconds
Refreshing native plugins compatible for Editor in 0.41 ms, found 3 plugins.
Preloading 0 native plugins for Editor in 0.00 ms.
Unloading 2111 Unused Serialized files (Serialized files now loaded: 0)
System memory in use before: 95.4 MB.
System memory in use after: 95.5 MB.

Unloading 28 unused Assets to reduce memory usage. Loaded Objects now: 2551.
Total: 2.037500 ms (FindLiveObjects: 0.187800 ms CreateObjectMapping: 0.061600 ms MarkObjects: 1.727500 ms  DeleteObjects: 0.059800 ms)

========================================================================
Received Import Request.
  path: Assets/Sprites/Updated Assets/mute.png
  artifactKey: Guid(12d421ba303bc0b48893ce8c1397525d) Importer(815301076,1909f56bfc062723c751e8b465ee728b)
Start importing Assets/Sprites/Updated Assets/mute.png using Guid(12d421ba303bc0b48893ce8c1397525d) Importer(815301076,1909f56bfc062723c751e8b465ee728b)  -> (artifact id: '398194bcefa6ee1cf2fea02ff1c25b1b') in 0.124765 seconds
  Import took 0.127703 seconds .

========================================================================
Received Import Request.
  Time since last request: 209.629862 seconds.
  path: Assets/Scripts/BattleManager.cs
  artifactKey: Guid(7a8fe391dabe44f4bb463ededf59d833) Importer(815301076,1909f56bfc062723c751e8b465ee728b)
Start importing Assets/Scripts/BattleManager.cs using Guid(7a8fe391dabe44f4bb463ededf59d833) Importer(815301076,1909f56bfc062723c751e8b465ee728b)  -> (artifact id: 'f97536ea6a0ff5ec5ad16746bca7e73c') in 0.012153 seconds
  Import took 0.015668 seconds .

========================================================================
Received Import Request.
  Time since last request: 0.003652 seconds.
  path: Assets/Scripts/BattleManager.cs
  artifactKey: Guid(7a8fe391dabe44f4bb463ededf59d833) Importer(815301076,1909f56bfc062723c751e8b465ee728b)
Start importing Assets/Scripts/BattleManager.cs using Guid(7a8fe391dabe44f4bb463ededf59d833) Importer(815301076,1909f56bfc062723c751e8b465ee728b)  -> (artifact id: 'f97536ea6a0ff5ec5ad16746bca7e73c') in 0.001427 seconds
  Import took 0.004371 seconds .

========================================================================
Received Import Request.
  Time since last request: 262.688680 seconds.
  path: Assets/Scripts/BattleManager.cs
  artifactKey: Guid(7a8fe391dabe44f4bb463ededf59d833) Importer(815301076,1909f56bfc062723c751e8b465ee728b)
Start importing Assets/Scripts/BattleManager.cs using Guid(7a8fe391dabe44f4bb463ededf59d833) Importer(815301076,1909f56bfc062723c751e8b465ee728b)  -> (artifact id: '3fc2f782a7b0852889f4fc3597729c50') in 0.001994 seconds
  Import took 0.005255 seconds .

========================================================================
Received Import Request.
  Time since last request: 0.004956 seconds.
  path: Assets/Scripts/BattleManager.cs
  artifactKey: Guid(7a8fe391dabe44f4bb463ededf59d833) Importer(815301076,1909f56bfc062723c751e8b465ee728b)
Start importing Assets/Scripts/BattleManager.cs using Guid(7a8fe391dabe44f4bb463ededf59d833) Importer(815301076,1909f56bfc062723c751e8b465ee728b)  -> (artifact id: '3fc2f782a7b0852889f4fc3597729c50') in 0.001504 seconds
  Import took 0.004565 seconds .

========================================================================
Received Prepare
Registering precompiled user dll's ...
Registered in 0.003173 seconds.
Begin MonoManager ReloadAssembly
Native extension for WindowsStandalone target not found
Native extension for WebGL target not found
Refreshing native plugins compatible for Editor in 0.48 ms, found 3 plugins.
Preloading 0 native plugins for Editor in 0.00 ms.
Mono: successfully reloaded assembly
- Completed reload, in  0.886 seconds
Platform modules already initialized, skipping
Refreshing native plugins compatible for Editor in 0.42 ms, found 3 plugins.
Preloading 0 native plugins for Editor in 0.00 ms.
Unloading 2088 Unused Serialized files (Serialized files now loaded: 0)
System memory in use before: 96.6 MB.
System memory in use after: 96.7 MB.

Unloading 17 unused Assets to reduce memory usage. Loaded Objects now: 2560.
Total: 1.845600 ms (FindLiveObjects: 0.189800 ms CreateObjectMapping: 0.080300 ms MarkObjects: 1.560100 ms  DeleteObjects: 0.014600 ms)

========================================================================
Received Prepare
Registering precompiled user dll's ...
Registered in 0.003148 seconds.
Begin MonoManager ReloadAssembly
Native extension for WindowsStandalone target not found
Native extension for WebGL target not found
Refreshing native plugins compatible for Editor in 0.54 ms, found 3 plugins.
Preloading 0 native plugins for Editor in 0.00 ms.
Mono: successfully reloaded assembly
- Completed reload, in  0.893 seconds
Platform modules already initialized, skipping
Refreshing native plugins compatible for Editor in 0.48 ms, found 3 plugins.
Preloading 0 native plugins for Editor in 0.00 ms.
Unloading 2088 Unused Serialized files (Serialized files now loaded: 0)
System memory in use before: 96.6 MB.
System memory in use after: 96.7 MB.

Unloading 17 unused Assets to reduce memory usage. Loaded Objects now: 2563.
Total: 2.203100 ms (FindLiveObjects: 0.212900 ms CreateObjectMapping: 0.085600 ms MarkObjects: 1.880700 ms  DeleteObjects: 0.022700 ms)

========================================================================
Received Prepare
Registering precompiled user dll's ...
Registered in 0.003259 seconds.
Begin MonoManager ReloadAssembly
Native extension for WindowsStandalone target not found
Native extension for WebGL target not found
Refreshing native plugins compatible for Editor in 0.47 ms, found 3 plugins.
Preloading 0 native plugins for Editor in 0.00 ms.
Mono: successfully reloaded assembly
- Completed reload, in  0.880 seconds
Platform modules already initialized, skipping
Refreshing native plugins compatible for Editor in 0.43 ms, found 3 plugins.
Preloading 0 native plugins for Editor in 0.00 ms.
Unloading 2088 Unused Serialized files (Serialized files now loaded: 0)
System memory in use before: 96.6 MB.
System memory in use after: 96.7 MB.

Unloading 17 unused Assets to reduce memory usage. Loaded Objects now: 2566.
Total: 1.932900 ms (FindLiveObjects: 0.174200 ms CreateObjectMapping: 0.066100 ms MarkObjects: 1.675000 ms  DeleteObjects: 0.016900 ms)

========================================================================
Received Prepare
Registering precompiled user dll's ...
Registered in 0.003130 seconds.
Begin MonoManager ReloadAssembly
Native extension for WindowsStandalone target not found
Native extension for WebGL target not found
Refreshing native plugins compatible for Editor in 0.44 ms, found 3 plugins.
Preloading 0 native plugins for Editor in 0.00 ms.
Mono: successfully reloaded assembly
- Completed reload, in  0.890 seconds
Platform modules already initialized, skipping
Refreshing native plugins compatible for Editor in 0.45 ms, found 3 plugins.
Preloading 0 native plugins for Editor in 0.00 ms.
Unloading 2088 Unused Serialized files (Serialized files now loaded: 0)
System memory in use before: 96.6 MB.
System memory in use after: 96.8 MB.

Unloading 17 unused Assets to reduce memory usage. Loaded Objects now: 2569.
Total: 2.230600 ms (FindLiveObjects: 0.191300 ms CreateObjectMapping: 0.060100 ms MarkObjects: 1.961100 ms  DeleteObjects: 0.017100 ms)

========================================================================
Received Prepare
Registering precompiled user dll's ...
Registered in 0.003255 seconds.
Begin MonoManager ReloadAssembly
Native extension for WindowsStandalone target not found
Native extension for WebGL target not found
Refreshing native plugins compatible for Editor in 0.45 ms, found 3 plugins.
Preloading 0 native plugins for Editor in 0.00 ms.
Mono: successfully reloaded assembly
- Completed reload, in  0.889 seconds
Platform modules already initialized, skipping
Refreshing native plugins compatible for Editor in 0.45 ms, found 3 plugins.
Preloading 0 native plugins for Editor in 0.00 ms.
Unloading 2088 Unused Serialized files (Serialized files now loaded: 0)
System memory in use before: 96.6 MB.
System memory in use after: 96.8 MB.

Unloading 17 unused Assets to reduce memory usage. Loaded Objects now: 2572.
Total: 1.908200 ms (FindLiveObjects: 0.182900 ms CreateObjectMapping: 0.076500 ms MarkObjects: 1.631100 ms  DeleteObjects: 0.016500 ms)

========================================================================
Received Prepare
Registering precompiled user dll's ...
Registered in 0.003208 seconds.
Begin MonoManager ReloadAssembly
Native extension for WindowsStandalone target not found
Native extension for WebGL target not found
Refreshing native plugins compatible for Editor in 0.43 ms, found 3 plugins.
Preloading 0 native plugins for Editor in 0.00 ms.
Mono: successfully reloaded assembly
- Completed reload, in  0.866 seconds
Platform modules already initialized, skipping
Refreshing native plugins compatible for Editor in 0.43 ms, found 3 plugins.
Preloading 0 native plugins for Editor in 0.00 ms.
Unloading 2088 Unused Serialized files (Serialized files now loaded: 0)
System memory in use before: 96.7 MB.
System memory in use after: 96.8 MB.

Unloading 17 unused Assets to reduce memory usage. Loaded Objects now: 2575.
Total: 1.823800 ms (FindLiveObjects: 0.177200 ms CreateObjectMapping: 0.075800 ms MarkObjects: 1.555500 ms  DeleteObjects: 0.014500 ms)

========================================================================
Received Prepare
Registering precompiled user dll's ...
Registered in 0.003175 seconds.
Begin MonoManager ReloadAssembly
Native extension for WindowsStandalone target not found
Native extension for WebGL target not found
Refreshing native plugins compatible for Editor in 0.43 ms, found 3 plugins.
Preloading 0 native plugins for Editor in 0.00 ms.
Mono: successfully reloaded assembly
- Completed reload, in  0.868 seconds
Platform modules already initialized, skipping
Refreshing native plugins compatible for Editor in 0.42 ms, found 3 plugins.
Preloading 0 native plugins for Editor in 0.00 ms.
Unloading 2088 Unused Serialized files (Serialized files now loaded: 0)
System memory in use before: 96.7 MB.
System memory in use after: 96.8 MB.

Unloading 17 unused Assets to reduce memory usage. Loaded Objects now: 2578.
Total: 1.810800 ms (FindLiveObjects: 0.166700 ms CreateObjectMapping: 0.064400 ms MarkObjects: 1.564600 ms  DeleteObjects: 0.014300 ms)

========================================================================
Received Prepare
Registering precompiled user dll's ...
Registered in 0.003099 seconds.
Begin MonoManager ReloadAssembly
Native extension for WindowsStandalone target not found
Native extension for WebGL target not found
Refreshing native plugins compatible for Editor in 0.42 ms, found 3 plugins.
Preloading 0 native plugins for Editor in 0.00 ms.
Mono: successfully reloaded assembly
- Completed reload, in  0.868 seconds
Platform modules already initialized, skipping
Refreshing native plugins compatible for Editor in 0.49 ms, found 3 plugins.
Preloading 0 native plugins for Editor in 0.00 ms.
Unloading 2088 Unused Serialized files (Serialized files now loaded: 0)
System memory in use before: 96.7 MB.
System memory in use after: 96.8 MB.

Unloading 17 unused Assets to reduce memory usage. Loaded Objects now: 2581.
Total: 2.485000 ms (FindLiveObjects: 0.315800 ms CreateObjectMapping: 0.136100 ms MarkObjects: 2.014000 ms  DeleteObjects: 0.017700 ms)

========================================================================
Received Prepare
Registering precompiled user dll's ...
Registered in 0.003189 seconds.
Begin MonoManager ReloadAssembly
Native extension for WindowsStandalone target not found
Native extension for WebGL target not found
Refreshing native plugins compatible for Editor in 0.43 ms, found 3 plugins.
Preloading 0 native plugins for Editor in 0.00 ms.
Mono: successfully reloaded assembly
- Completed reload, in  0.894 seconds
Platform modules already initialized, skipping
Refreshing native plugins compatible for Editor in 0.43 ms, found 3 plugins.
Preloading 0 native plugins for Editor in 0.00 ms.
Unloading 2088 Unused Serialized files (Serialized files now loaded: 0)
System memory in use before: 96.7 MB.
System memory in use after: 96.8 MB.

Unloading 17 unused Assets to reduce memory usage. Loaded Objects now: 2584.
Total: 1.767300 ms (FindLiveObjects: 0.164000 ms CreateObjectMapping: 0.061200 ms MarkObjects: 1.527200 ms  DeleteObjects: 0.014300 ms)

========================================================================
Received Prepare
Registering precompiled user dll's ...
Registered in 0.003456 seconds.
Begin MonoManager ReloadAssembly
Native extension for WindowsStandalone target not found
Native extension for WebGL target not found
Refreshing native plugins compatible for Editor in 0.48 ms, found 3 plugins.
Preloading 0 native plugins for Editor in 0.00 ms.
Mono: successfully reloaded assembly
- Completed reload, in  0.951 seconds
Platform modules already initialized, skipping
Refreshing native plugins compatible for Editor in 0.47 ms, found 3 plugins.
Preloading 0 native plugins for Editor in 0.00 ms.
Unloading 2088 Unused Serialized files (Serialized files now loaded: 0)
System memory in use before: 96.7 MB.
System memory in use after: 96.8 MB.

Unloading 17 unused Assets to reduce memory usage. Loaded Objects now: 2587.
Total: 2.067900 ms (FindLiveObjects: 0.257100 ms CreateObjectMapping: 0.082600 ms MarkObjects: 1.709000 ms  DeleteObjects: 0.018000 ms)

========================================================================
Received Prepare
Registering precompiled user dll's ...
Registered in 0.003245 seconds.
Begin MonoManager ReloadAssembly
Native extension for WindowsStandalone target not found
Native extension for WebGL target not found
Refreshing native plugins compatible for Editor in 0.68 ms, found 3 plugins.
Preloading 0 native plugins for Editor in 0.00 ms.
Mono: successfully reloaded assembly
- Completed reload, in  0.931 seconds
Platform modules already initialized, skipping
Refreshing native plugins compatible for Editor in 0.44 ms, found 3 plugins.
Preloading 0 native plugins for Editor in 0.00 ms.
Unloading 2088 Unused Serialized files (Serialized files now loaded: 0)
System memory in use before: 96.7 MB.
System memory in use after: 96.8 MB.

Unloading 17 unused Assets to reduce memory usage. Loaded Objects now: 2590.
Total: 2.012100 ms (FindLiveObjects: 0.184400 ms CreateObjectMapping: 0.069500 ms MarkObjects: 1.740000 ms  DeleteObjects: 0.017400 ms)

========================================================================
Received Import Request.
  Time since last request: 10684.352695 seconds.
  path: Assets/Scripts/SceneLoader.cs
  artifactKey: Guid(b332efb936ed42c4e9b2f02e8a6886e3) Importer(815301076,1909f56bfc062723c751e8b465ee728b)
Start importing Assets/Scripts/SceneLoader.cs using Guid(b332efb936ed42c4e9b2f02e8a6886e3) Importer(815301076,1909f56bfc062723c751e8b465ee728b)  -> (artifact id: '58ee2cb713fe82d705d4e0eaba4d5159') in 0.008351 seconds
  Import took 0.012274 seconds .

========================================================================
Received Import Request.
  Time since last request: 0.008006 seconds.
  path: Assets/Scripts/SceneLoader.cs
  artifactKey: Guid(b332efb936ed42c4e9b2f02e8a6886e3) Importer(815301076,1909f56bfc062723c751e8b465ee728b)
Start importing Assets/Scripts/SceneLoader.cs using Guid(b332efb936ed42c4e9b2f02e8a6886e3) Importer(815301076,1909f56bfc062723c751e8b465ee728b)  -> (artifact id: '58ee2cb713fe82d705d4e0eaba4d5159') in 0.002683 seconds
  Import took 0.006325 seconds .

========================================================================
Received Prepare
Registering precompiled user dll's ...
Registered in 0.003174 seconds.
Begin MonoManager ReloadAssembly
Native extension for WindowsStandalone target not found
Native extension for WebGL target not found
Refreshing native plugins compatible for Editor in 0.43 ms, found 3 plugins.
Preloading 0 native plugins for Editor in 0.00 ms.
Mono: successfully reloaded assembly
- Completed reload, in  0.872 seconds
Platform modules already initialized, skipping
Refreshing native plugins compatible for Editor in 0.46 ms, found 3 plugins.
Preloading 0 native plugins for Editor in 0.00 ms.
Unloading 2088 Unused Serialized files (Serialized files now loaded: 0)
System memory in use before: 96.7 MB.
System memory in use after: 96.8 MB.

Unloading 17 unused Assets to reduce memory usage. Loaded Objects now: 2593.
Total: 2.269100 ms (FindLiveObjects: 0.196000 ms CreateObjectMapping: 0.075400 ms MarkObjects: 1.977300 ms  DeleteObjects: 0.019500 ms)

========================================================================
Received Import Request.
  Time since last request: 75.694854 seconds.
  path: Assets/Scripts/SceneLoader.cs
  artifactKey: Guid(b332efb936ed42c4e9b2f02e8a6886e3) Importer(815301076,1909f56bfc062723c751e8b465ee728b)
Start importing Assets/Scripts/SceneLoader.cs using Guid(b332efb936ed42c4e9b2f02e8a6886e3) Importer(815301076,1909f56bfc062723c751e8b465ee728b)  -> (artifact id: '328cd674ebeff8c49558ef765fa872dd') in 0.004273 seconds
  Import took 0.007350 seconds .

========================================================================
Received Import Request.
  Time since last request: 12.331643 seconds.
  path: Assets/Scenes/GameOver.unity
  artifactKey: Guid(39608d19a7a4f214bbbd149d0b6c1e35) Importer(815301076,1909f56bfc062723c751e8b465ee728b)
Start importing Assets/Scenes/GameOver.unity using Guid(39608d19a7a4f214bbbd149d0b6c1e35) Importer(815301076,1909f56bfc062723c751e8b465ee728b)  -> (artifact id: '391ceb3acdaf10b66e979c8bdf38e4e4') in 0.038314 seconds
  Import took 0.041258 seconds .

========================================================================
Received Prepare
Registering precompiled user dll's ...
Registered in 0.003105 seconds.
Begin MonoManager ReloadAssembly
Native extension for WindowsStandalone target not found
Native extension for WebGL target not found
Refreshing native plugins compatible for Editor in 0.44 ms, found 3 plugins.
Preloading 0 native plugins for Editor in 0.00 ms.
Mono: successfully reloaded assembly
- Completed reload, in  0.914 seconds
Platform modules already initialized, skipping
Refreshing native plugins compatible for Editor in 0.52 ms, found 3 plugins.
Preloading 0 native plugins for Editor in 0.00 ms.
Unloading 2088 Unused Serialized files (Serialized files now loaded: 0)
System memory in use before: 96.7 MB.
System memory in use after: 96.8 MB.

Unloading 17 unused Assets to reduce memory usage. Loaded Objects now: 2596.
Total: 1.972500 ms (FindLiveObjects: 0.181000 ms CreateObjectMapping: 0.075600 ms MarkObjects: 1.697700 ms  DeleteObjects: 0.016700 ms)

========================================================================
Received Prepare
Registering precompiled user dll's ...
Registered in 0.003434 seconds.
Begin MonoManager ReloadAssembly
Native extension for WindowsStandalone target not found
Native extension for WebGL target not found
Refreshing native plugins compatible for Editor in 0.43 ms, found 3 plugins.
Preloading 0 native plugins for Editor in 0.00 ms.
Mono: successfully reloaded assembly
- Completed reload, in  0.886 seconds
Platform modules already initialized, skipping
Refreshing native plugins compatible for Editor in 0.42 ms, found 3 plugins.
Preloading 0 native plugins for Editor in 0.00 ms.
Unloading 2088 Unused Serialized files (Serialized files now loaded: 0)
System memory in use before: 96.7 MB.
System memory in use after: 96.9 MB.

Unloading 17 unused Assets to reduce memory usage. Loaded Objects now: 2599.
Total: 1.886100 ms (FindLiveObjects: 0.192300 ms CreateObjectMapping: 0.072100 ms MarkObjects: 1.604900 ms  DeleteObjects: 0.015900 ms)

========================================================================
Received Prepare
Registering precompiled user dll's ...
Registered in 0.004259 seconds.
Begin MonoManager ReloadAssembly
Native extension for WindowsStandalone target not found
Native extension for WebGL target not found
Refreshing native plugins compatible for Editor in 0.42 ms, found 3 plugins.
Preloading 0 native plugins for Editor in 0.00 ms.
Mono: successfully reloaded assembly
- Completed reload, in  0.869 seconds
Platform modules already initialized, skipping
Refreshing native plugins compatible for Editor in 0.44 ms, found 3 plugins.
Preloading 0 native plugins for Editor in 0.00 ms.
Unloading 2088 Unused Serialized files (Serialized files now loaded: 0)
System memory in use before: 96.7 MB.
System memory in use after: 96.9 MB.

Unloading 17 unused Assets to reduce memory usage. Loaded Objects now: 2602.
Total: 1.868100 ms (FindLiveObjects: 0.169400 ms CreateObjectMapping: 0.067700 ms MarkObjects: 1.614400 ms  DeleteObjects: 0.015500 ms)

========================================================================
Received Import Request.
  Time since last request: 84.588552 seconds.
  path: Assets/Scenes/SampleScene.unity
  artifactKey: Guid(2cda990e2423bbf4892e6590ba056729) Importer(815301076,1909f56bfc062723c751e8b465ee728b)
Start importing Assets/Scenes/SampleScene.unity using Guid(2cda990e2423bbf4892e6590ba056729) Importer(815301076,1909f56bfc062723c751e8b465ee728b)  -> (artifact id: '325f2a274c41f47aa9bc3f60ae47a7e6') in 0.013888 seconds
  Import took 0.016968 seconds .

========================================================================
Received Prepare
Registering precompiled user dll's ...
Registered in 0.003245 seconds.
Begin MonoManager ReloadAssembly
Native extension for WindowsStandalone target not found
Native extension for WebGL target not found
Refreshing native plugins compatible for Editor in 0.43 ms, found 3 plugins.
Preloading 0 native plugins for Editor in 0.00 ms.
Mono: successfully reloaded assembly
- Completed reload, in  0.933 seconds
Platform modules already initialized, skipping
Refreshing native plugins compatible for Editor in 0.47 ms, found 3 plugins.
Preloading 0 native plugins for Editor in 0.00 ms.
Unloading 2088 Unused Serialized files (Serialized files now loaded: 0)
System memory in use before: 96.8 MB.
System memory in use after: 96.9 MB.

Unloading 17 unused Assets to reduce memory usage. Loaded Objects now: 2605.
Total: 1.951100 ms (FindLiveObjects: 0.227400 ms CreateObjectMapping: 0.087300 ms MarkObjects: 1.620100 ms  DeleteObjects: 0.015200 ms)

========================================================================
Received Prepare
Registering precompiled user dll's ...
Registered in 0.003521 seconds.
Begin MonoManager ReloadAssembly
Native extension for WindowsStandalone target not found
Native extension for WebGL target not found
Refreshing native plugins compatible for Editor in 0.46 ms, found 3 plugins.
Preloading 0 native plugins for Editor in 0.00 ms.
Mono: successfully reloaded assembly
- Completed reload, in  0.867 seconds
Platform modules already initialized, skipping
Refreshing native plugins compatible for Editor in 0.42 ms, found 3 plugins.
Preloading 0 native plugins for Editor in 0.00 ms.
Unloading 2088 Unused Serialized files (Serialized files now loaded: 0)
System memory in use before: 96.8 MB.
System memory in use after: 96.9 MB.

Unloading 17 unused Assets to reduce memory usage. Loaded Objects now: 2608.
Total: 1.969600 ms (FindLiveObjects: 0.171900 ms CreateObjectMapping: 0.067600 ms MarkObjects: 1.714000 ms  DeleteObjects: 0.015300 ms)

========================================================================
Received Import Request.
  Time since last request: 161.448772 seconds.
  path: Assets/Scenes/GameOver.unity
  artifactKey: Guid(39608d19a7a4f214bbbd149d0b6c1e35) Importer(815301076,1909f56bfc062723c751e8b465ee728b)
Start importing Assets/Scenes/GameOver.unity using Guid(39608d19a7a4f214bbbd149d0b6c1e35) Importer(815301076,1909f56bfc062723c751e8b465ee728b)  -> (artifact id: 'b387990449af7671a664f126903760b9') in 0.010568 seconds
  Import took 0.013957 seconds .

========================================================================
Received Import Request.
  Time since last request: 0.000418 seconds.
  path: Assets/Scenes/GameOver.unity
  artifactKey: Guid(39608d19a7a4f214bbbd149d0b6c1e35) Importer(815301076,1909f56bfc062723c751e8b465ee728b)
Start importing Assets/Scenes/GameOver.unity using Guid(39608d19a7a4f214bbbd149d0b6c1e35) Importer(815301076,1909f56bfc062723c751e8b465ee728b)  -> (artifact id: 'b387990449af7671a664f126903760b9') in 0.002375 seconds
  Import took 0.005457 seconds .

========================================================================
Received Prepare
Registering precompiled user dll's ...
Registered in 0.003170 seconds.
Begin MonoManager ReloadAssembly
Native extension for WindowsStandalone target not found
Native extension for WebGL target not found
Refreshing native plugins compatible for Editor in 0.46 ms, found 3 plugins.
Preloading 0 native plugins for Editor in 0.00 ms.
Mono: successfully reloaded assembly
- Completed reload, in  0.860 seconds
Platform modules already initialized, skipping
Refreshing native plugins compatible for Editor in 0.43 ms, found 3 plugins.
Preloading 0 native plugins for Editor in 0.00 ms.
Unloading 2088 Unused Serialized files (Serialized files now loaded: 0)
System memory in use before: 96.8 MB.
System memory in use after: 96.9 MB.

Unloading 17 unused Assets to reduce memory usage. Loaded Objects now: 2611.
Total: 1.900200 ms (FindLiveObjects: 0.185300 ms CreateObjectMapping: 0.066400 ms MarkObjects: 1.631500 ms  DeleteObjects: 0.016100 ms)

========================================================================
Received Prepare
Registering precompiled user dll's ...
Registered in 0.003171 seconds.
Begin MonoManager ReloadAssembly
Native extension for WindowsStandalone target not found
Native extension for WebGL target not found
Refreshing native plugins compatible for Editor in 0.46 ms, found 3 plugins.
Preloading 0 native plugins for Editor in 0.00 ms.
Mono: successfully reloaded assembly
- Completed reload, in  0.877 seconds
Platform modules already initialized, skipping
Refreshing native plugins compatible for Editor in 0.43 ms, found 3 plugins.
Preloading 0 native plugins for Editor in 0.00 ms.
Unloading 2088 Unused Serialized files (Serialized files now loaded: 0)
System memory in use before: 96.8 MB.
System memory in use after: 96.9 MB.

Unloading 17 unused Assets to reduce memory usage. Loaded Objects now: 2614.
Total: 1.993900 ms (FindLiveObjects: 0.188600 ms CreateObjectMapping: 0.068900 ms MarkObjects: 1.719200 ms  DeleteObjects: 0.016200 ms)

========================================================================
Received Prepare
Registering precompiled user dll's ...
Registered in 0.003206 seconds.
Begin MonoManager ReloadAssembly
Native extension for WindowsStandalone target not found
Native extension for WebGL target not found
Refreshing native plugins compatible for Editor in 0.47 ms, found 3 plugins.
Preloading 0 native plugins for Editor in 0.00 ms.
Mono: successfully reloaded assembly
- Completed reload, in  0.875 seconds
Platform modules already initialized, skipping
Refreshing native plugins compatible for Editor in 0.43 ms, found 3 plugins.
Preloading 0 native plugins for Editor in 0.00 ms.
Unloading 2088 Unused Serialized files (Serialized files now loaded: 0)
System memory in use before: 96.8 MB.
System memory in use after: 96.9 MB.

Unloading 17 unused Assets to reduce memory usage. Loaded Objects now: 2617.
Total: 2.173900 ms (FindLiveObjects: 0.239200 ms CreateObjectMapping: 0.097100 ms MarkObjects: 1.819300 ms  DeleteObjects: 0.017500 ms)

========================================================================
Received Prepare
Registering precompiled user dll's ...
Registered in 0.003610 seconds.
Begin MonoManager ReloadAssembly
Native extension for WindowsStandalone target not found
Native extension for WebGL target not found
Refreshing native plugins compatible for Editor in 0.42 ms, found 3 plugins.
Preloading 0 native plugins for Editor in 0.00 ms.
Mono: successfully reloaded assembly
- Completed reload, in  0.876 seconds
Platform modules already initialized, skipping
Refreshing native plugins compatible for Editor in 0.42 ms, found 3 plugins.
Preloading 0 native plugins for Editor in 0.00 ms.
Unloading 2088 Unused Serialized files (Serialized files now loaded: 0)
System memory in use before: 96.8 MB.
System memory in use after: 96.9 MB.

Unloading 17 unused Assets to reduce memory usage. Loaded Objects now: 2620.
Total: 1.911600 ms (FindLiveObjects: 0.174200 ms CreateObjectMapping: 0.063700 ms MarkObjects: 1.657000 ms  DeleteObjects: 0.015900 ms)

========================================================================
Received Prepare
Registering precompiled user dll's ...
Registered in 0.003195 seconds.
Begin MonoManager ReloadAssembly
Native extension for WindowsStandalone target not found
Native extension for WebGL target not found
Refreshing native plugins compatible for Editor in 0.43 ms, found 3 plugins.
Preloading 0 native plugins for Editor in 0.00 ms.
Mono: successfully reloaded assembly
- Completed reload, in  0.888 seconds
Platform modules already initialized, skipping
Refreshing native plugins compatible for Editor in 0.42 ms, found 3 plugins.
Preloading 0 native plugins for Editor in 0.00 ms.
Unloading 2088 Unused Serialized files (Serialized files now loaded: 0)
System memory in use before: 96.8 MB.
System memory in use after: 96.9 MB.

Unloading 17 unused Assets to reduce memory usage. Loaded Objects now: 2623.
Total: 2.104600 ms (FindLiveObjects: 0.180200 ms CreateObjectMapping: 0.062700 ms MarkObjects: 1.841000 ms  DeleteObjects: 0.019500 ms)

========================================================================
Received Prepare
Registering precompiled user dll's ...
Registered in 0.003165 seconds.
Begin MonoManager ReloadAssembly
Native extension for WindowsStandalone target not found
Native extension for WebGL target not found
Refreshing native plugins compatible for Editor in 0.45 ms, found 3 plugins.
Preloading 0 native plugins for Editor in 0.00 ms.
Mono: successfully reloaded assembly
- Completed reload, in  0.952 seconds
Platform modules already initialized, skipping
Refreshing native plugins compatible for Editor in 0.51 ms, found 3 plugins.
Preloading 0 native plugins for Editor in 0.00 ms.
Unloading 2088 Unused Serialized files (Serialized files now loaded: 0)
System memory in use before: 96.8 MB.
System memory in use after: 96.9 MB.

Unloading 17 unused Assets to reduce memory usage. Loaded Objects now: 2626.
Total: 2.040800 ms (FindLiveObjects: 0.217600 ms CreateObjectMapping: 0.076000 ms MarkObjects: 1.729800 ms  DeleteObjects: 0.016500 ms)

========================================================================
Received Prepare
Registering precompiled user dll's ...
Registered in 0.003201 seconds.
Begin MonoManager ReloadAssembly
Native extension for WindowsStandalone target not found
Native extension for WebGL target not found
Refreshing native plugins compatible for Editor in 0.57 ms, found 3 plugins.
Preloading 0 native plugins for Editor in 0.00 ms.
Mono: successfully reloaded assembly
- Completed reload, in  0.871 seconds
Platform modules already initialized, skipping
Refreshing native plugins compatible for Editor in 0.44 ms, found 3 plugins.
Preloading 0 native plugins for Editor in 0.00 ms.
Unloading 2088 Unused Serialized files (Serialized files now loaded: 0)
System memory in use before: 96.8 MB.
System memory in use after: 96.9 MB.

Unloading 17 unused Assets to reduce memory usage. Loaded Objects now: 2629.
Total: 1.870200 ms (FindLiveObjects: 0.169400 ms CreateObjectMapping: 0.068600 ms MarkObjects: 1.616300 ms  DeleteObjects: 0.015100 ms)

========================================================================
Received Prepare
Registering precompiled user dll's ...
Registered in 0.003143 seconds.
Begin MonoManager ReloadAssembly
Native extension for WindowsStandalone target not found
Native extension for WebGL target not found
Refreshing native plugins compatible for Editor in 0.42 ms, found 3 plugins.
Preloading 0 native plugins for Editor in 0.00 ms.
Mono: successfully reloaded assembly
- Completed reload, in  0.850 seconds
Platform modules already initialized, skipping
Refreshing native plugins compatible for Editor in 0.46 ms, found 3 plugins.
Preloading 0 native plugins for Editor in 0.00 ms.
Unloading 2088 Unused Serialized files (Serialized files now loaded: 0)
System memory in use before: 96.8 MB.
System memory in use after: 97.0 MB.

Unloading 17 unused Assets to reduce memory usage. Loaded Objects now: 2632.
Total: 1.943700 ms (FindLiveObjects: 0.186700 ms CreateObjectMapping: 0.072500 ms MarkObjects: 1.668300 ms  DeleteObjects: 0.015300 ms)

========================================================================
Received Import Request.
  Time since last request: 404.995381 seconds.
  path: Assets/Scenes/SampleScene.unity
  artifactKey: Guid(2cda990e2423bbf4892e6590ba056729) Importer(815301076,1909f56bfc062723c751e8b465ee728b)
Start importing Assets/Scenes/SampleScene.unity using Guid(2cda990e2423bbf4892e6590ba056729) Importer(815301076,1909f56bfc062723c751e8b465ee728b)  -> (artifact id: '4c656c9d75e95533128a9265a179e8ff') in 0.015120 seconds
  Import took 0.018143 seconds .

========================================================================
Received Import Request.
  Time since last request: 30.225276 seconds.
  path: Assets/Scripts/VariableHoolder.cs
  artifactKey: Guid(b24842bef1b56cc4392354ed66bff4a3) Importer(815301076,1909f56bfc062723c751e8b465ee728b)
Start importing Assets/Scripts/VariableHoolder.cs using Guid(b24842bef1b56cc4392354ed66bff4a3) Importer(815301076,1909f56bfc062723c751e8b465ee728b)  -> (artifact id: '8a7b243fb56d700862fc75cbcc1fae36') in 0.005973 seconds
  Import took 0.008903 seconds .

========================================================================
Received Prepare
Registering precompiled user dll's ...
Registered in 0.003221 seconds.
Begin MonoManager ReloadAssembly
Native extension for WindowsStandalone target not found
Native extension for WebGL target not found
Refreshing native plugins compatible for Editor in 0.56 ms, found 3 plugins.
Preloading 0 native plugins for Editor in 0.00 ms.
Mono: successfully reloaded assembly
- Completed reload, in  0.863 seconds
Platform modules already initialized, skipping
Refreshing native plugins compatible for Editor in 0.45 ms, found 3 plugins.
Preloading 0 native plugins for Editor in 0.00 ms.
Unloading 2089 Unused Serialized files (Serialized files now loaded: 0)
System memory in use before: 96.9 MB.
System memory in use after: 97.0 MB.

Unloading 17 unused Assets to reduce memory usage. Loaded Objects now: 2636.
Total: 2.592800 ms (FindLiveObjects: 0.210200 ms CreateObjectMapping: 0.069500 ms MarkObjects: 2.287500 ms  DeleteObjects: 0.024500 ms)

========================================================================
Received Import Request.
  Time since last request: 8.726358 seconds.
  path: Assets/Scripts/VariableHolder.cs
  artifactKey: Guid(b24842bef1b56cc4392354ed66bff4a3) Importer(815301076,1909f56bfc062723c751e8b465ee728b)
Start importing Assets/Scripts/VariableHolder.cs using Guid(b24842bef1b56cc4392354ed66bff4a3) Importer(815301076,1909f56bfc062723c751e8b465ee728b)  -> (artifact id: '303321cd7492f1052b134a381e3c7537') in 0.008586 seconds
  Import took 0.011942 seconds .

========================================================================
Received Import Request.
  Time since last request: 0.003334 seconds.
  path: Assets/Scripts/VariableHolder.cs
  artifactKey: Guid(b24842bef1b56cc4392354ed66bff4a3) Importer(815301076,1909f56bfc062723c751e8b465ee728b)
Start importing Assets/Scripts/VariableHolder.cs using Guid(b24842bef1b56cc4392354ed66bff4a3) Importer(815301076,1909f56bfc062723c751e8b465ee728b)  -> (artifact id: '303321cd7492f1052b134a381e3c7537') in 0.002038 seconds
  Import took 0.005277 seconds .

========================================================================
Received Prepare
Registering precompiled user dll's ...
Registered in 0.003170 seconds.
Begin MonoManager ReloadAssembly
Native extension for WindowsStandalone target not found
Native extension for WebGL target not found
Refreshing native plugins compatible for Editor in 0.42 ms, found 3 plugins.
Preloading 0 native plugins for Editor in 0.00 ms.
Mono: successfully reloaded assembly
- Completed reload, in  0.883 seconds
Platform modules already initialized, skipping
Refreshing native plugins compatible for Editor in 0.42 ms, found 3 plugins.
Preloading 0 native plugins for Editor in 0.00 ms.
Unloading 2089 Unused Serialized files (Serialized files now loaded: 0)
System memory in use before: 96.9 MB.
System memory in use after: 97.0 MB.

Unloading 17 unused Assets to reduce memory usage. Loaded Objects now: 2639.
Total: 2.033200 ms (FindLiveObjects: 0.195400 ms CreateObjectMapping: 0.072000 ms MarkObjects: 1.749000 ms  DeleteObjects: 0.015800 ms)

========================================================================
Received Prepare
Registering precompiled user dll's ...
Registered in 0.003232 seconds.
Begin MonoManager ReloadAssembly
Native extension for WindowsStandalone target not found
Native extension for WebGL target not found
Refreshing native plugins compatible for Editor in 0.42 ms, found 3 plugins.
Preloading 0 native plugins for Editor in 0.00 ms.
Mono: successfully reloaded assembly
- Completed reload, in  0.887 seconds
Platform modules already initialized, skipping
Refreshing native plugins compatible for Editor in 0.61 ms, found 3 plugins.
Preloading 0 native plugins for Editor in 0.00 ms.
Unloading 2089 Unused Serialized files (Serialized files now loaded: 0)
System memory in use before: 96.9 MB.
System memory in use after: 97.0 MB.

Unloading 17 unused Assets to reduce memory usage. Loaded Objects now: 2642.
Total: 2.110500 ms (FindLiveObjects: 0.166500 ms CreateObjectMapping: 0.070700 ms MarkObjects: 1.854400 ms  DeleteObjects: 0.018400 ms)

========================================================================
Received Import Request.
  Time since last request: 785.615606 seconds.
  path: Assets/Scripts/VariableHolder.cs
  artifactKey: Guid(b24842bef1b56cc4392354ed66bff4a3) Importer(815301076,1909f56bfc062723c751e8b465ee728b)
Start importing Assets/Scripts/VariableHolder.cs using Guid(b24842bef1b56cc4392354ed66bff4a3) Importer(815301076,1909f56bfc062723c751e8b465ee728b)  -> (artifact id: '453a670e54aa3ccba09e1ca7a7e6c4ef') in 0.004258 seconds
  Import took 0.007363 seconds .

========================================================================
Received Import Request.
  Time since last request: 0.012955 seconds.
  path: Assets/Scripts/VariableHolder.cs
  artifactKey: Guid(b24842bef1b56cc4392354ed66bff4a3) Importer(815301076,1909f56bfc062723c751e8b465ee728b)
Start importing Assets/Scripts/VariableHolder.cs using Guid(b24842bef1b56cc4392354ed66bff4a3) Importer(815301076,1909f56bfc062723c751e8b465ee728b)  -> (artifact id: '453a670e54aa3ccba09e1ca7a7e6c4ef') in 0.001837 seconds
  Import took 0.004772 seconds .

========================================================================
Received Import Request.
  Time since last request: 2.208816 seconds.
  path: Assets/Characters/Laurelai.asset
  artifactKey: Guid(be767f2236b13474aa7262386a84867e) Importer(815301076,1909f56bfc062723c751e8b465ee728b)
Start importing Assets/Characters/Laurelai.asset using Guid(be767f2236b13474aa7262386a84867e) Importer(815301076,1909f56bfc062723c751e8b465ee728b)  -> (artifact id: '5ba7b445f31e92772b0d3f074a1e21d7') in 0.019231 seconds
  Import took 0.022397 seconds .

========================================================================
Received Import Request.
  Time since last request: 0.000177 seconds.
  path: Assets/Characters/Sword.asset
  artifactKey: Guid(1ee9058cbc3a6de49861c99b01d39102) Importer(815301076,1909f56bfc062723c751e8b465ee728b)
Start importing Assets/Characters/Sword.asset using Guid(1ee9058cbc3a6de49861c99b01d39102) Importer(815301076,1909f56bfc062723c751e8b465ee728b)  -> (artifact id: 'e746f91b8cf3fa14a40a8aa15a43053d') in 0.007052 seconds
  Import took 0.010154 seconds .

========================================================================
Received Import Request.
  Time since last request: 0.000195 seconds.
  path: Assets/Characters/Shield.asset
  artifactKey: Guid(eb8fa8dbd73ccbc46995212a3ea741ca) Importer(815301076,1909f56bfc062723c751e8b465ee728b)
Start importing Assets/Characters/Shield.asset using Guid(eb8fa8dbd73ccbc46995212a3ea741ca) Importer(815301076,1909f56bfc062723c751e8b465ee728b)  -> (artifact id: '247116d817bb2800012de9261b88e09c') in 0.007127 seconds
  Import took 0.010120 seconds .

========================================================================
Received Prepare
Registering precompiled user dll's ...
Registered in 0.003174 seconds.
Begin MonoManager ReloadAssembly
Native extension for WindowsStandalone target not found
Native extension for WebGL target not found
Refreshing native plugins compatible for Editor in 0.48 ms, found 3 plugins.
Preloading 0 native plugins for Editor in 0.00 ms.
Mono: successfully reloaded assembly
- Completed reload, in  0.879 seconds
Platform modules already initialized, skipping
Refreshing native plugins compatible for Editor in 0.43 ms, found 3 plugins.
Preloading 0 native plugins for Editor in 0.00 ms.
Unloading 2089 Unused Serialized files (Serialized files now loaded: 0)
System memory in use before: 96.9 MB.
System memory in use after: 97.0 MB.

Unloading 17 unused Assets to reduce memory usage. Loaded Objects now: 2645.
Total: 2.048500 ms (FindLiveObjects: 0.186200 ms CreateObjectMapping: 0.068400 ms MarkObjects: 1.776400 ms  DeleteObjects: 0.016800 ms)

========================================================================
Received Prepare
Registering precompiled user dll's ...
Registered in 0.003280 seconds.
Begin MonoManager ReloadAssembly
Native extension for WindowsStandalone target not found
Native extension for WebGL target not found
Refreshing native plugins compatible for Editor in 0.43 ms, found 3 plugins.
Preloading 0 native plugins for Editor in 0.00 ms.
Mono: successfully reloaded assembly
- Completed reload, in  0.870 seconds
Platform modules already initialized, skipping
Refreshing native plugins compatible for Editor in 0.50 ms, found 3 plugins.
Preloading 0 native plugins for Editor in 0.00 ms.
Unloading 2089 Unused Serialized files (Serialized files now loaded: 0)
System memory in use before: 96.9 MB.
System memory in use after: 97.0 MB.

Unloading 17 unused Assets to reduce memory usage. Loaded Objects now: 2648.
Total: 1.960500 ms (FindLiveObjects: 0.190300 ms CreateObjectMapping: 0.072900 ms MarkObjects: 1.680600 ms  DeleteObjects: 0.015600 ms)

========================================================================
Received Prepare
Registering precompiled user dll's ...
Registered in 0.003968 seconds.
Begin MonoManager ReloadAssembly
Native extension for WindowsStandalone target not found
Native extension for WebGL target not found
Refreshing native plugins compatible for Editor in 0.43 ms, found 3 plugins.
Preloading 0 native plugins for Editor in 0.00 ms.
Mono: successfully reloaded assembly
- Completed reload, in  0.873 seconds
Platform modules already initialized, skipping
Refreshing native plugins compatible for Editor in 0.43 ms, found 3 plugins.
Preloading 0 native plugins for Editor in 0.00 ms.
Unloading 2089 Unused Serialized files (Serialized files now loaded: 0)
System memory in use before: 96.9 MB.
System memory in use after: 97.0 MB.

Unloading 17 unused Assets to reduce memory usage. Loaded Objects now: 2651.
Total: 2.120100 ms (FindLiveObjects: 0.229000 ms CreateObjectMapping: 0.082200 ms MarkObjects: 1.789300 ms  DeleteObjects: 0.018800 ms)

========================================================================
Received Import Request.
  Time since last request: 96.387735 seconds.
  path: Assets/Characters/Laurelai.asset
  artifactKey: Guid(be767f2236b13474aa7262386a84867e) Importer(815301076,1909f56bfc062723c751e8b465ee728b)
Start importing Assets/Characters/Laurelai.asset using Guid(be767f2236b13474aa7262386a84867e) Importer(815301076,1909f56bfc062723c751e8b465ee728b)  -> (artifact id: 'f4830ca180cfc97a456d8a65d3af873d') in 0.012648 seconds
  Import took 0.015636 seconds .

========================================================================
Received Import Request.
  Time since last request: 0.000150 seconds.
  path: Assets/Characters/Sword.asset
  artifactKey: Guid(1ee9058cbc3a6de49861c99b01d39102) Importer(815301076,1909f56bfc062723c751e8b465ee728b)
Start importing Assets/Characters/Sword.asset using Guid(1ee9058cbc3a6de49861c99b01d39102) Importer(815301076,1909f56bfc062723c751e8b465ee728b)  -> (artifact id: '30fdadbae18a38d1be4ae6ac5f75406c') in 0.004125 seconds
  Import took 0.006920 seconds .

========================================================================
Received Import Request.
  Time since last request: 0.000184 seconds.
  path: Assets/Characters/Shield.asset
  artifactKey: Guid(eb8fa8dbd73ccbc46995212a3ea741ca) Importer(815301076,1909f56bfc062723c751e8b465ee728b)
Start importing Assets/Characters/Shield.asset using Guid(eb8fa8dbd73ccbc46995212a3ea741ca) Importer(815301076,1909f56bfc062723c751e8b465ee728b)  -> (artifact id: 'f7cfee1e439ea87c849307d63acf644f') in 0.003618 seconds
  Import took 0.006628 seconds .

