Using pre-set license
Built from '2020.3/staging' branch; Version is '2020.3.11f1 (99c7afb366b3) revision 10078127'; Using compiler version '192528614'; Build Type 'Release'
OS: 'Windows 10 Education; OS build 18363.1621; Version 1909; 64bit' Language: 'en' Physical Memory: 32683 MB
BatchMode: 1, IsHumanControllingUs: 0, StartBugReporterOnCrash: 0, Is64bit: 1, IsPro: 0

 COMMAND LINE ARGUMENTS:
C:\Users\MACKENZB\Documents\unity stuff\2020.3.11f1\Editor\Unity.exe
-adb2
-batchMode
-noUpm
-name
AssetImportWorker0
-projectPath
C:/Users/MACKENZB/Card Game
-logFile
Logs/AssetImportWorker0.log
-srvPort
54102
Successfully changed project path to: C:/Users/MACKENZB/Card Game
C:/Users/MACKENZB/Card Game
Using Asset Import Pipeline V2.
Refreshing native plugins compatible for Editor in 48.16 ms, found 3 plugins.
Preloading 0 native plugins for Editor in 0.00 ms.
Initialize engine version: 2020.3.11f1 (99c7afb366b3)
[Subsystems] Discovering subsystems at path C:/Users/MACKENZB/Documents/unity stuff/2020.3.11f1/Editor/Data/Resources/UnitySubsystems
[Subsystems] Discovering subsystems at path C:/Users/MACKENZB/Card Game/Assets
GfxDevice: creating device client; threaded=0
Direct3D:
    Version:  Direct3D 11.0 [level 11.1]
    Renderer: NVIDIA GeForce RTX 2080 SUPER (ID=0x1e81)
    Vendor:   
    VRAM:     8010 MB
    Driver:   27.21.14.5671
Initialize mono
Mono path[0] = 'C:/Users/MACKENZB/Documents/unity stuff/2020.3.11f1/Editor/Data/Managed'
Mono path[1] = 'C:/Users/MACKENZB/Documents/unity stuff/2020.3.11f1/Editor/Data/MonoBleedingEdge/lib/mono/unityjit'
Mono config path = 'C:/Users/MACKENZB/Documents/unity stuff/2020.3.11f1/Editor/Data/MonoBleedingEdge/etc'
Using monoOptions --debugger-agent=transport=dt_socket,embedding=1,server=y,suspend=n,address=127.0.0.1:56560
Begin MonoManager ReloadAssembly
Registering precompiled unity dll's ...
Register platform support module: C:/Users/MACKENZB/Documents/unity stuff/2020.3.11f1/Editor/Data/PlaybackEngines/WebGLSupport/UnityEditor.WebGL.Extensions.dll
Register platform support module: C:/Users/MACKENZB/Documents/unity stuff/2020.3.11f1/Editor/Data/PlaybackEngines/WindowsStandaloneSupport/UnityEditor.WindowsStandalone.Extensions.dll
Registered in 0.002726 seconds.
Native extension for WindowsStandalone target not found
Native extension for WebGL target not found
Refreshing native plugins compatible for Editor in 50.21 ms, found 3 plugins.
Preloading 0 native plugins for Editor in 0.00 ms.
Mono: successfully reloaded assembly
- Completed reload, in  1.253 seconds
Platform modules already initialized, skipping
Registering precompiled user dll's ...
Registered in 0.003663 seconds.
Begin MonoManager ReloadAssembly
Native extension for WindowsStandalone target not found
Native extension for WebGL target not found
Refreshing native plugins compatible for Editor in 40.11 ms, found 3 plugins.
Preloading 0 native plugins for Editor in 0.00 ms.
Mono: successfully reloaded assembly
- Completed reload, in  1.022 seconds
Platform modules already initialized, skipping
========================================================================
Worker process is ready to serve import requests
Launched and connected shader compiler UnityShaderCompiler.exe after 0.04 seconds
Refreshing native plugins compatible for Editor in 0.47 ms, found 3 plugins.
Preloading 0 native plugins for Editor in 0.00 ms.
Unloading 2110 Unused Serialized files (Serialized files now loaded: 0)
System memory in use before: 95.4 MB.
System memory in use after: 95.5 MB.

Unloading 28 unused Assets to reduce memory usage. Loaded Objects now: 2550.
Total: 2.183100 ms (FindLiveObjects: 0.176900 ms CreateObjectMapping: 0.071700 ms MarkObjects: 1.866900 ms  DeleteObjects: 0.066600 ms)

========================================================================
Received Import Request.
  path: Assets/Scripts/BattleManager.cs
  artifactKey: Guid(7a8fe391dabe44f4bb463ededf59d833) Importer(815301076,1909f56bfc062723c751e8b465ee728b)
Start importing Assets/Scripts/BattleManager.cs using Guid(7a8fe391dabe44f4bb463ededf59d833) Importer(815301076,1909f56bfc062723c751e8b465ee728b)  -> (artifact id: '461df76ffcedb38456bf1da4474dcb70') in 0.026100 seconds
  Import took 0.030250 seconds .

========================================================================
Received Import Request.
  Time since last request: 0.024031 seconds.
  path: Assets/Scripts/BattleManager.cs
  artifactKey: Guid(7a8fe391dabe44f4bb463ededf59d833) Importer(815301076,1909f56bfc062723c751e8b465ee728b)
Start importing Assets/Scripts/BattleManager.cs using Guid(7a8fe391dabe44f4bb463ededf59d833) Importer(815301076,1909f56bfc062723c751e8b465ee728b)  -> (artifact id: '461df76ffcedb38456bf1da4474dcb70') in 0.002027 seconds
  Import took 0.006150 seconds .

========================================================================
Received Import Request.
  Time since last request: 10.627813 seconds.
  path: Assets/Scripts/Card Functionality/DragDrop.cs
  artifactKey: Guid(87c4777a5af000146b05a8b8cc0a2354) Importer(815301076,1909f56bfc062723c751e8b465ee728b)
Start importing Assets/Scripts/Card Functionality/DragDrop.cs using Guid(87c4777a5af000146b05a8b8cc0a2354) Importer(815301076,1909f56bfc062723c751e8b465ee728b)  -> (artifact id: '5875f448b980e650921bbe86644a98c1') in 0.005929 seconds
  Import took 0.009484 seconds .

========================================================================
Received Prepare
Registering precompiled user dll's ...
Registered in 0.003194 seconds.
Begin MonoManager ReloadAssembly
Native extension for WindowsStandalone target not found
Native extension for WebGL target not found
Refreshing native plugins compatible for Editor in 0.52 ms, found 3 plugins.
Preloading 0 native plugins for Editor in 0.00 ms.
Mono: successfully reloaded assembly
- Completed reload, in  0.965 seconds
Platform modules already initialized, skipping
Refreshing native plugins compatible for Editor in 0.52 ms, found 3 plugins.
Preloading 0 native plugins for Editor in 0.00 ms.
Unloading 2087 Unused Serialized files (Serialized files now loaded: 0)
System memory in use before: 93.6 MB.
System memory in use after: 93.7 MB.

Unloading 17 unused Assets to reduce memory usage. Loaded Objects now: 2553.
Total: 1.961400 ms (FindLiveObjects: 0.192900 ms CreateObjectMapping: 0.070700 ms MarkObjects: 1.679600 ms  DeleteObjects: 0.017100 ms)

========================================================================
Received Import Request.
  Time since last request: 44.955975 seconds.
  path: Assets/Scripts/Card Functionality/DragDrop.cs
  artifactKey: Guid(87c4777a5af000146b05a8b8cc0a2354) Importer(815301076,1909f56bfc062723c751e8b465ee728b)
Start importing Assets/Scripts/Card Functionality/DragDrop.cs using Guid(87c4777a5af000146b05a8b8cc0a2354) Importer(815301076,1909f56bfc062723c751e8b465ee728b)  -> (artifact id: '054dc1de43dcd2b8fff86fadf5eafa0a') in 0.004018 seconds
  Import took 0.006828 seconds .

========================================================================
Received Prepare
Registering precompiled user dll's ...
Registered in 0.003296 seconds.
Begin MonoManager ReloadAssembly
Native extension for WindowsStandalone target not found
Native extension for WebGL target not found
Refreshing native plugins compatible for Editor in 0.50 ms, found 3 plugins.
Preloading 0 native plugins for Editor in 0.00 ms.
Mono: successfully reloaded assembly
- Completed reload, in  1.005 seconds
Platform modules already initialized, skipping
Refreshing native plugins compatible for Editor in 0.61 ms, found 3 plugins.
Preloading 0 native plugins for Editor in 0.00 ms.
Unloading 2087 Unused Serialized files (Serialized files now loaded: 0)
System memory in use before: 93.6 MB.
System memory in use after: 93.8 MB.

Unloading 17 unused Assets to reduce memory usage. Loaded Objects now: 2556.
Total: 1.893500 ms (FindLiveObjects: 0.181300 ms CreateObjectMapping: 0.068800 ms MarkObjects: 1.626300 ms  DeleteObjects: 0.015900 ms)

========================================================================
Received Prepare
Registering precompiled user dll's ...
Registered in 0.003122 seconds.
Begin MonoManager ReloadAssembly
Native extension for WindowsStandalone target not found
Native extension for WebGL target not found
Refreshing native plugins compatible for Editor in 0.54 ms, found 3 plugins.
Preloading 0 native plugins for Editor in 0.00 ms.
Mono: successfully reloaded assembly
- Completed reload, in  0.985 seconds
Platform modules already initialized, skipping
Refreshing native plugins compatible for Editor in 0.48 ms, found 3 plugins.
Preloading 0 native plugins for Editor in 0.00 ms.
Unloading 2087 Unused Serialized files (Serialized files now loaded: 0)
System memory in use before: 93.7 MB.
System memory in use after: 93.8 MB.

Unloading 17 unused Assets to reduce memory usage. Loaded Objects now: 2559.
Total: 2.171400 ms (FindLiveObjects: 0.203000 ms CreateObjectMapping: 0.076100 ms MarkObjects: 1.872700 ms  DeleteObjects: 0.018400 ms)

========================================================================
Received Prepare
Registering precompiled user dll's ...
Registered in 0.003146 seconds.
Begin MonoManager ReloadAssembly
Native extension for WindowsStandalone target not found
Native extension for WebGL target not found
Refreshing native plugins compatible for Editor in 0.72 ms, found 3 plugins.
Preloading 0 native plugins for Editor in 0.00 ms.
Mono: successfully reloaded assembly
- Completed reload, in  0.984 seconds
Platform modules already initialized, skipping
Refreshing native plugins compatible for Editor in 0.56 ms, found 3 plugins.
Preloading 0 native plugins for Editor in 0.00 ms.
Unloading 2087 Unused Serialized files (Serialized files now loaded: 0)
System memory in use before: 93.7 MB.
System memory in use after: 93.8 MB.

Unloading 17 unused Assets to reduce memory usage. Loaded Objects now: 2562.
Total: 2.280300 ms (FindLiveObjects: 0.214700 ms CreateObjectMapping: 0.131400 ms MarkObjects: 1.913800 ms  DeleteObjects: 0.019200 ms)

========================================================================
Received Prepare
Registering precompiled user dll's ...
Registered in 0.003194 seconds.
Begin MonoManager ReloadAssembly
Native extension for WindowsStandalone target not found
Native extension for WebGL target not found
Refreshing native plugins compatible for Editor in 0.47 ms, found 3 plugins.
Preloading 0 native plugins for Editor in 0.00 ms.
Mono: successfully reloaded assembly
- Completed reload, in  0.990 seconds
Platform modules already initialized, skipping
Refreshing native plugins compatible for Editor in 0.46 ms, found 3 plugins.
Preloading 0 native plugins for Editor in 0.00 ms.
Unloading 2087 Unused Serialized files (Serialized files now loaded: 0)
System memory in use before: 93.7 MB.
System memory in use after: 93.8 MB.

Unloading 17 unused Assets to reduce memory usage. Loaded Objects now: 2565.
Total: 2.859300 ms (FindLiveObjects: 0.463700 ms CreateObjectMapping: 0.234900 ms MarkObjects: 2.137600 ms  DeleteObjects: 0.021500 ms)

========================================================================
Received Prepare
Registering precompiled user dll's ...
Registered in 0.003453 seconds.
Begin MonoManager ReloadAssembly
Native extension for WindowsStandalone target not found
Native extension for WebGL target not found
Refreshing native plugins compatible for Editor in 0.46 ms, found 3 plugins.
Preloading 0 native plugins for Editor in 0.00 ms.
Mono: successfully reloaded assembly
- Completed reload, in  0.981 seconds
Platform modules already initialized, skipping
Refreshing native plugins compatible for Editor in 0.56 ms, found 3 plugins.
Preloading 0 native plugins for Editor in 0.00 ms.
Unloading 2087 Unused Serialized files (Serialized files now loaded: 0)
System memory in use before: 93.7 MB.
System memory in use after: 93.8 MB.

Unloading 17 unused Assets to reduce memory usage. Loaded Objects now: 2568.
Total: 2.796700 ms (FindLiveObjects: 0.247600 ms CreateObjectMapping: 0.110500 ms MarkObjects: 2.409300 ms  DeleteObjects: 0.027400 ms)

========================================================================
Received Prepare
Registering precompiled user dll's ...
Registered in 0.003152 seconds.
Begin MonoManager ReloadAssembly
Native extension for WindowsStandalone target not found
Native extension for WebGL target not found
Refreshing native plugins compatible for Editor in 0.45 ms, found 3 plugins.
Preloading 0 native plugins for Editor in 0.00 ms.
Mono: successfully reloaded assembly
- Completed reload, in  0.979 seconds
Platform modules already initialized, skipping
Refreshing native plugins compatible for Editor in 0.48 ms, found 3 plugins.
Preloading 0 native plugins for Editor in 0.00 ms.
Unloading 2087 Unused Serialized files (Serialized files now loaded: 0)
System memory in use before: 93.7 MB.
System memory in use after: 93.8 MB.

Unloading 17 unused Assets to reduce memory usage. Loaded Objects now: 2571.
Total: 2.154600 ms (FindLiveObjects: 0.190600 ms CreateObjectMapping: 0.079500 ms MarkObjects: 1.862500 ms  DeleteObjects: 0.020800 ms)

========================================================================
Received Prepare
Registering precompiled user dll's ...
Registered in 0.003733 seconds.
Begin MonoManager ReloadAssembly
Native extension for WindowsStandalone target not found
Native extension for WebGL target not found
Refreshing native plugins compatible for Editor in 0.46 ms, found 3 plugins.
Preloading 0 native plugins for Editor in 0.00 ms.
Mono: successfully reloaded assembly
- Completed reload, in  0.943 seconds
Platform modules already initialized, skipping
Refreshing native plugins compatible for Editor in 0.69 ms, found 3 plugins.
Preloading 0 native plugins for Editor in 0.00 ms.
Unloading 2087 Unused Serialized files (Serialized files now loaded: 0)
System memory in use before: 93.7 MB.
System memory in use after: 93.8 MB.

Unloading 17 unused Assets to reduce memory usage. Loaded Objects now: 2574.
Total: 2.566100 ms (FindLiveObjects: 0.235100 ms CreateObjectMapping: 0.087100 ms MarkObjects: 2.218600 ms  DeleteObjects: 0.023800 ms)

========================================================================
Received Prepare
Registering precompiled user dll's ...
Registered in 0.003087 seconds.
Begin MonoManager ReloadAssembly
Native extension for WindowsStandalone target not found
Native extension for WebGL target not found
Refreshing native plugins compatible for Editor in 0.52 ms, found 3 plugins.
Preloading 0 native plugins for Editor in 0.00 ms.
Mono: successfully reloaded assembly
- Completed reload, in  1.011 seconds
Platform modules already initialized, skipping
Refreshing native plugins compatible for Editor in 0.55 ms, found 3 plugins.
Preloading 0 native plugins for Editor in 0.00 ms.
Unloading 2087 Unused Serialized files (Serialized files now loaded: 0)
System memory in use before: 93.7 MB.
System memory in use after: 93.9 MB.

Unloading 17 unused Assets to reduce memory usage. Loaded Objects now: 2577.
Total: 1.969700 ms (FindLiveObjects: 0.195700 ms CreateObjectMapping: 0.079500 ms MarkObjects: 1.678000 ms  DeleteObjects: 0.015600 ms)

========================================================================
Received Prepare
Registering precompiled user dll's ...
Registered in 0.003131 seconds.
Begin MonoManager ReloadAssembly
Native extension for WindowsStandalone target not found
Native extension for WebGL target not found
Refreshing native plugins compatible for Editor in 0.61 ms, found 3 plugins.
Preloading 0 native plugins for Editor in 0.00 ms.
Mono: successfully reloaded assembly
- Completed reload, in  0.971 seconds
Platform modules already initialized, skipping
Refreshing native plugins compatible for Editor in 0.70 ms, found 3 plugins.
Preloading 0 native plugins for Editor in 0.00 ms.
Unloading 2087 Unused Serialized files (Serialized files now loaded: 0)
System memory in use before: 93.7 MB.
System memory in use after: 93.9 MB.

Unloading 17 unused Assets to reduce memory usage. Loaded Objects now: 2580.
Total: 1.915300 ms (FindLiveObjects: 0.171900 ms CreateObjectMapping: 0.063100 ms MarkObjects: 1.663000 ms  DeleteObjects: 0.016200 ms)

========================================================================
Received Prepare
Registering precompiled user dll's ...
Registered in 0.003079 seconds.
Begin MonoManager ReloadAssembly
Native extension for WindowsStandalone target not found
Native extension for WebGL target not found
Refreshing native plugins compatible for Editor in 0.53 ms, found 3 plugins.
Preloading 0 native plugins for Editor in 0.00 ms.
Mono: successfully reloaded assembly
- Completed reload, in  0.969 seconds
Platform modules already initialized, skipping
Refreshing native plugins compatible for Editor in 0.51 ms, found 3 plugins.
Preloading 0 native plugins for Editor in 0.00 ms.
Unloading 2087 Unused Serialized files (Serialized files now loaded: 0)
System memory in use before: 93.7 MB.
System memory in use after: 93.9 MB.

Unloading 17 unused Assets to reduce memory usage. Loaded Objects now: 2583.
Total: 2.152300 ms (FindLiveObjects: 0.212700 ms CreateObjectMapping: 0.089300 ms MarkObjects: 1.831200 ms  DeleteObjects: 0.017800 ms)

========================================================================
Received Prepare
Registering precompiled user dll's ...
Registered in 0.003240 seconds.
Begin MonoManager ReloadAssembly
Native extension for WindowsStandalone target not found
Native extension for WebGL target not found
Refreshing native plugins compatible for Editor in 0.51 ms, found 3 plugins.
Preloading 0 native plugins for Editor in 0.00 ms.
Mono: successfully reloaded assembly
- Completed reload, in  0.989 seconds
Platform modules already initialized, skipping
Refreshing native plugins compatible for Editor in 0.63 ms, found 3 plugins.
Preloading 0 native plugins for Editor in 0.00 ms.
Unloading 2087 Unused Serialized files (Serialized files now loaded: 0)
System memory in use before: 93.8 MB.
System memory in use after: 93.9 MB.

Unloading 17 unused Assets to reduce memory usage. Loaded Objects now: 2586.
Total: 1.859400 ms (FindLiveObjects: 0.186900 ms CreateObjectMapping: 0.074600 ms MarkObjects: 1.578500 ms  DeleteObjects: 0.018000 ms)

========================================================================
Received Prepare
Registering precompiled user dll's ...
Registered in 0.003319 seconds.
Begin MonoManager ReloadAssembly
Native extension for WindowsStandalone target not found
Native extension for WebGL target not found
Refreshing native plugins compatible for Editor in 0.44 ms, found 3 plugins.
Preloading 0 native plugins for Editor in 0.00 ms.
Mono: successfully reloaded assembly
- Completed reload, in  0.941 seconds
Platform modules already initialized, skipping
Refreshing native plugins compatible for Editor in 0.64 ms, found 3 plugins.
Preloading 0 native plugins for Editor in 0.00 ms.
Unloading 2087 Unused Serialized files (Serialized files now loaded: 0)
System memory in use before: 93.8 MB.
System memory in use after: 93.9 MB.

Unloading 17 unused Assets to reduce memory usage. Loaded Objects now: 2589.
Total: 1.938500 ms (FindLiveObjects: 0.194800 ms CreateObjectMapping: 0.068100 ms MarkObjects: 1.659100 ms  DeleteObjects: 0.015500 ms)

========================================================================
Received Prepare
Registering precompiled user dll's ...
Registered in 0.003146 seconds.
Begin MonoManager ReloadAssembly
Native extension for WindowsStandalone target not found
Native extension for WebGL target not found
Refreshing native plugins compatible for Editor in 0.63 ms, found 3 plugins.
Preloading 0 native plugins for Editor in 0.00 ms.
Mono: successfully reloaded assembly
- Completed reload, in  1.003 seconds
Platform modules already initialized, skipping
Refreshing native plugins compatible for Editor in 0.49 ms, found 3 plugins.
Preloading 0 native plugins for Editor in 0.00 ms.
Unloading 2087 Unused Serialized files (Serialized files now loaded: 0)
System memory in use before: 93.8 MB.
System memory in use after: 93.9 MB.

Unloading 17 unused Assets to reduce memory usage. Loaded Objects now: 2592.
Total: 1.984800 ms (FindLiveObjects: 0.182600 ms CreateObjectMapping: 0.069400 ms MarkObjects: 1.713200 ms  DeleteObjects: 0.018200 ms)

========================================================================
Received Prepare
Registering precompiled user dll's ...
Registered in 0.003090 seconds.
Begin MonoManager ReloadAssembly
Native extension for WindowsStandalone target not found
Native extension for WebGL target not found
Refreshing native plugins compatible for Editor in 0.63 ms, found 3 plugins.
Preloading 0 native plugins for Editor in 0.00 ms.
Mono: successfully reloaded assembly
- Completed reload, in  0.974 seconds
Platform modules already initialized, skipping
Refreshing native plugins compatible for Editor in 0.82 ms, found 3 plugins.
Preloading 0 native plugins for Editor in 0.00 ms.
Unloading 2087 Unused Serialized files (Serialized files now loaded: 0)
System memory in use before: 93.8 MB.
System memory in use after: 93.9 MB.

Unloading 17 unused Assets to reduce memory usage. Loaded Objects now: 2595.
Total: 2.147500 ms (FindLiveObjects: 0.203700 ms CreateObjectMapping: 0.072600 ms MarkObjects: 1.851800 ms  DeleteObjects: 0.018100 ms)

========================================================================
Received Prepare
Registering precompiled user dll's ...
Registered in 0.003247 seconds.
Begin MonoManager ReloadAssembly
Native extension for WindowsStandalone target not found
Native extension for WebGL target not found
Refreshing native plugins compatible for Editor in 0.46 ms, found 3 plugins.
Preloading 0 native plugins for Editor in 0.00 ms.
Mono: successfully reloaded assembly
- Completed reload, in  0.937 seconds
Platform modules already initialized, skipping
Refreshing native plugins compatible for Editor in 0.56 ms, found 3 plugins.
Preloading 0 native plugins for Editor in 0.00 ms.
Unloading 2087 Unused Serialized files (Serialized files now loaded: 0)
System memory in use before: 93.8 MB.
System memory in use after: 93.9 MB.

Unloading 17 unused Assets to reduce memory usage. Loaded Objects now: 2598.
Total: 1.897900 ms (FindLiveObjects: 0.169000 ms CreateObjectMapping: 0.070100 ms MarkObjects: 1.642400 ms  DeleteObjects: 0.015400 ms)

========================================================================
Received Prepare
Registering precompiled user dll's ...
Registered in 0.003096 seconds.
Begin MonoManager ReloadAssembly
Native extension for WindowsStandalone target not found
Native extension for WebGL target not found
Refreshing native plugins compatible for Editor in 0.46 ms, found 3 plugins.
Preloading 0 native plugins for Editor in 0.00 ms.
Mono: successfully reloaded assembly
- Completed reload, in  0.958 seconds
Platform modules already initialized, skipping
Refreshing native plugins compatible for Editor in 0.51 ms, found 3 plugins.
Preloading 0 native plugins for Editor in 0.00 ms.
Unloading 2087 Unused Serialized files (Serialized files now loaded: 0)
System memory in use before: 93.8 MB.
System memory in use after: 93.9 MB.

Unloading 17 unused Assets to reduce memory usage. Loaded Objects now: 2601.
Total: 1.918700 ms (FindLiveObjects: 0.172100 ms CreateObjectMapping: 0.077900 ms MarkObjects: 1.652600 ms  DeleteObjects: 0.015000 ms)

========================================================================
Received Prepare
Registering precompiled user dll's ...
Registered in 0.003106 seconds.
Begin MonoManager ReloadAssembly
Native extension for WindowsStandalone target not found
Native extension for WebGL target not found
Refreshing native plugins compatible for Editor in 0.48 ms, found 3 plugins.
Preloading 0 native plugins for Editor in 0.00 ms.
Mono: successfully reloaded assembly
- Completed reload, in  0.986 seconds
Platform modules already initialized, skipping
Refreshing native plugins compatible for Editor in 0.61 ms, found 3 plugins.
Preloading 0 native plugins for Editor in 0.00 ms.
Unloading 2087 Unused Serialized files (Serialized files now loaded: 0)
System memory in use before: 93.8 MB.
System memory in use after: 93.9 MB.

Unloading 17 unused Assets to reduce memory usage. Loaded Objects now: 2604.
Total: 2.714600 ms (FindLiveObjects: 0.240500 ms CreateObjectMapping: 0.086500 ms MarkObjects: 2.360400 ms  DeleteObjects: 0.025300 ms)

========================================================================
Received Import Request.
  Time since last request: 580.860092 seconds.
  path: Assets/Cards/double ally.asset
  artifactKey: Guid(1a8630c924986f01180fdf1f50bea298) Importer(815301076,1909f56bfc062723c751e8b465ee728b)
Start importing Assets/Cards/double ally.asset using Guid(1a8630c924986f01180fdf1f50bea298) Importer(815301076,1909f56bfc062723c751e8b465ee728b)  -> (artifact id: '9509d1e5a9fc72d84370bf6c7c90866f') in 0.027270 seconds
  Import took 0.030233 seconds .

========================================================================
Received Import Request.
  Time since last request: 4.208433 seconds.
  path: Assets/Prefabs/Card.prefab
  artifactKey: Guid(37fae56cd02acf7499ed15c0f9599f27) Importer(815301076,1909f56bfc062723c751e8b465ee728b)
Start importing Assets/Prefabs/Card.prefab using Guid(37fae56cd02acf7499ed15c0f9599f27) Importer(815301076,1909f56bfc062723c751e8b465ee728b)  -> (artifact id: 'aa840f50603d9232a2f02a7244a25f0b') in 0.030427 seconds
  Import took 0.033371 seconds .

========================================================================
Received Import Request.
  Time since last request: 0.000181 seconds.
  path: Assets/Prefabs/SceneLoader.prefab
  artifactKey: Guid(a24851c5eac022242a44bc98a3b186be) Importer(815301076,1909f56bfc062723c751e8b465ee728b)
Start importing Assets/Prefabs/SceneLoader.prefab using Guid(a24851c5eac022242a44bc98a3b186be) Importer(815301076,1909f56bfc062723c751e8b465ee728b)  -> (artifact id: 'b4acc6feec0dacae466677634f4f652f') in 0.007246 seconds
  Import took 0.010204 seconds .

========================================================================
Received Prepare
Registering precompiled user dll's ...
Registered in 0.003169 seconds.
Begin MonoManager ReloadAssembly
Native extension for WindowsStandalone target not found
Native extension for WebGL target not found
Refreshing native plugins compatible for Editor in 0.44 ms, found 3 plugins.
Preloading 0 native plugins for Editor in 0.00 ms.
Mono: successfully reloaded assembly
- Completed reload, in  1.018 seconds
Platform modules already initialized, skipping
Refreshing native plugins compatible for Editor in 0.62 ms, found 3 plugins.
Preloading 0 native plugins for Editor in 0.00 ms.
Unloading 2087 Unused Serialized files (Serialized files now loaded: 0)
System memory in use before: 93.8 MB.
System memory in use after: 94.0 MB.

Unloading 17 unused Assets to reduce memory usage. Loaded Objects now: 2607.
Total: 2.096900 ms (FindLiveObjects: 0.203700 ms CreateObjectMapping: 0.090100 ms MarkObjects: 1.783900 ms  DeleteObjects: 0.018100 ms)

========================================================================
Received Import Request.
  Time since last request: 11.001801 seconds.
  path: Assets/Prefabs/Card.prefab
  artifactKey: Guid(37fae56cd02acf7499ed15c0f9599f27) Importer(815301076,1909f56bfc062723c751e8b465ee728b)
Start importing Assets/Prefabs/Card.prefab using Guid(37fae56cd02acf7499ed15c0f9599f27) Importer(815301076,1909f56bfc062723c751e8b465ee728b)  -> (artifact id: '2d386394d329e48874c7b0df6b3d7968') in 0.035321 seconds
  Import took 0.038407 seconds .

========================================================================
Received Import Request.
  Time since last request: 0.996557 seconds.
  path: Assets/Prefabs/Card.prefab
  artifactKey: Guid(37fae56cd02acf7499ed15c0f9599f27) Importer(815301076,1909f56bfc062723c751e8b465ee728b)
Start importing Assets/Prefabs/Card.prefab using Guid(37fae56cd02acf7499ed15c0f9599f27) Importer(815301076,1909f56bfc062723c751e8b465ee728b)  -> (artifact id: '61e37e6f2f50cce61d2f04293188b731') in 0.004121 seconds
  Import took 0.007137 seconds .

========================================================================
Received Import Request.
  Time since last request: 1.618801 seconds.
  path: Assets/Prefabs/Card.prefab
  artifactKey: Guid(37fae56cd02acf7499ed15c0f9599f27) Importer(815301076,1909f56bfc062723c751e8b465ee728b)
Start importing Assets/Prefabs/Card.prefab using Guid(37fae56cd02acf7499ed15c0f9599f27) Importer(815301076,1909f56bfc062723c751e8b465ee728b)  -> (artifact id: '802c42fc4df2494f7488cf3ed36b4ee1') in 0.003894 seconds
  Import took 0.007065 seconds .

========================================================================
Received Prepare
Registering precompiled user dll's ...
Registered in 0.003135 seconds.
Begin MonoManager ReloadAssembly
Native extension for WindowsStandalone target not found
Native extension for WebGL target not found
Refreshing native plugins compatible for Editor in 0.45 ms, found 3 plugins.
Preloading 0 native plugins for Editor in 0.00 ms.
Mono: successfully reloaded assembly
- Completed reload, in  0.969 seconds
Platform modules already initialized, skipping
Refreshing native plugins compatible for Editor in 0.67 ms, found 3 plugins.
Preloading 0 native plugins for Editor in 0.00 ms.
Unloading 2087 Unused Serialized files (Serialized files now loaded: 0)
System memory in use before: 93.8 MB.
System memory in use after: 94.0 MB.

Unloading 17 unused Assets to reduce memory usage. Loaded Objects now: 2610.
Total: 2.130100 ms (FindLiveObjects: 0.227100 ms CreateObjectMapping: 0.080600 ms MarkObjects: 1.803200 ms  DeleteObjects: 0.018200 ms)

========================================================================
Received Prepare
Registering precompiled user dll's ...
Registered in 0.003160 seconds.
Begin MonoManager ReloadAssembly
Native extension for WindowsStandalone target not found
Native extension for WebGL target not found
Refreshing native plugins compatible for Editor in 0.53 ms, found 3 plugins.
Preloading 0 native plugins for Editor in 0.00 ms.
Mono: successfully reloaded assembly
- Completed reload, in  0.941 seconds
Platform modules already initialized, skipping
Refreshing native plugins compatible for Editor in 0.74 ms, found 3 plugins.
Preloading 0 native plugins for Editor in 0.00 ms.
Unloading 2087 Unused Serialized files (Serialized files now loaded: 0)
System memory in use before: 93.8 MB.
System memory in use after: 94.0 MB.

Unloading 17 unused Assets to reduce memory usage. Loaded Objects now: 2613.
Total: 2.792800 ms (FindLiveObjects: 0.250400 ms CreateObjectMapping: 0.084500 ms MarkObjects: 2.430400 ms  DeleteObjects: 0.026000 ms)

========================================================================
Received Import Request.
  Time since last request: 58.422840 seconds.
  path: Assets/Prefabs/Card.prefab
  artifactKey: Guid(37fae56cd02acf7499ed15c0f9599f27) Importer(815301076,1909f56bfc062723c751e8b465ee728b)
Start importing Assets/Prefabs/Card.prefab using Guid(37fae56cd02acf7499ed15c0f9599f27) Importer(815301076,1909f56bfc062723c751e8b465ee728b)  -> (artifact id: '1983205ddce37377213fef85966e9c22') in 0.034386 seconds
  Import took 0.038225 seconds .

========================================================================
Received Import Request.
  Time since last request: 0.701055 seconds.
  path: Assets/Prefabs/Card.prefab
  artifactKey: Guid(37fae56cd02acf7499ed15c0f9599f27) Importer(815301076,1909f56bfc062723c751e8b465ee728b)
Start importing Assets/Prefabs/Card.prefab using Guid(37fae56cd02acf7499ed15c0f9599f27) Importer(815301076,1909f56bfc062723c751e8b465ee728b)  -> (artifact id: 'a589cb98a0ab632617728569cdbcfd82') in 0.005009 seconds
  Import took 0.009176 seconds .

========================================================================
Received Import Request.
  Time since last request: 1.624303 seconds.
  path: Assets/Prefabs/Card.prefab
  artifactKey: Guid(37fae56cd02acf7499ed15c0f9599f27) Importer(815301076,1909f56bfc062723c751e8b465ee728b)
Start importing Assets/Prefabs/Card.prefab using Guid(37fae56cd02acf7499ed15c0f9599f27) Importer(815301076,1909f56bfc062723c751e8b465ee728b)  -> (artifact id: 'a978ca099608d3e27301c14401e012bb') in 0.004089 seconds
  Import took 0.007038 seconds .

========================================================================
Received Prepare
Registering precompiled user dll's ...
Registered in 0.003775 seconds.
Begin MonoManager ReloadAssembly
Native extension for WindowsStandalone target not found
Native extension for WebGL target not found
Refreshing native plugins compatible for Editor in 0.41 ms, found 3 plugins.
Preloading 0 native plugins for Editor in 0.00 ms.
Mono: successfully reloaded assembly
- Completed reload, in  0.965 seconds
Platform modules already initialized, skipping
Refreshing native plugins compatible for Editor in 0.46 ms, found 3 plugins.
Preloading 0 native plugins for Editor in 0.00 ms.
Unloading 2087 Unused Serialized files (Serialized files now loaded: 0)
System memory in use before: 93.9 MB.
System memory in use after: 94.0 MB.

Unloading 17 unused Assets to reduce memory usage. Loaded Objects now: 2616.
Total: 1.987500 ms (FindLiveObjects: 0.213800 ms CreateObjectMapping: 0.073300 ms MarkObjects: 1.682700 ms  DeleteObjects: 0.016900 ms)

========================================================================
Received Import Request.
  Time since last request: 50.653384 seconds.
  path: Assets/Prefabs/CharacterTemplateUpdate.prefab
  artifactKey: Guid(e559bc0a92d846043a21754cb4778650) Importer(815301076,1909f56bfc062723c751e8b465ee728b)
Start importing Assets/Prefabs/CharacterTemplateUpdate.prefab using Guid(e559bc0a92d846043a21754cb4778650) Importer(815301076,1909f56bfc062723c751e8b465ee728b)  -> (artifact id: '17bedaf5cbc675b5a23cbea0a80c2eb0') in 0.039626 seconds
  Import took 0.042648 seconds .

========================================================================
Received Import Request.
  Time since last request: 4.577386 seconds.
  path: Assets/Prefabs/CharacterTemplateUpdate.prefab
  artifactKey: Guid(e559bc0a92d846043a21754cb4778650) Importer(815301076,1909f56bfc062723c751e8b465ee728b)
Start importing Assets/Prefabs/CharacterTemplateUpdate.prefab using Guid(e559bc0a92d846043a21754cb4778650) Importer(815301076,1909f56bfc062723c751e8b465ee728b)  -> (artifact id: 'afa2e2c49131dc00ef7b203fcd314427') in 0.005375 seconds
  Import took 0.008741 seconds .

========================================================================
Received Import Request.
  Time since last request: 11.674239 seconds.
  path: Assets/Prefabs/CharacterTemplateUpdate.prefab
  artifactKey: Guid(e559bc0a92d846043a21754cb4778650) Importer(815301076,1909f56bfc062723c751e8b465ee728b)
Start importing Assets/Prefabs/CharacterTemplateUpdate.prefab using Guid(e559bc0a92d846043a21754cb4778650) Importer(815301076,1909f56bfc062723c751e8b465ee728b)  -> (artifact id: '488649f7e8a6b82a699c1ddabaa11a87') in 0.004758 seconds
  Import took 0.007765 seconds .

========================================================================
Received Prepare
Registering precompiled user dll's ...
Registered in 0.003169 seconds.
Begin MonoManager ReloadAssembly
Native extension for WindowsStandalone target not found
Native extension for WebGL target not found
Refreshing native plugins compatible for Editor in 0.45 ms, found 3 plugins.
Preloading 0 native plugins for Editor in 0.00 ms.
Mono: successfully reloaded assembly
- Completed reload, in  0.973 seconds
Platform modules already initialized, skipping
Refreshing native plugins compatible for Editor in 0.44 ms, found 3 plugins.
Preloading 0 native plugins for Editor in 0.00 ms.
Unloading 2087 Unused Serialized files (Serialized files now loaded: 0)
System memory in use before: 93.9 MB.
System memory in use after: 94.0 MB.

Unloading 19 unused Assets to reduce memory usage. Loaded Objects now: 2619.
Total: 1.974000 ms (FindLiveObjects: 0.192100 ms CreateObjectMapping: 0.074900 ms MarkObjects: 1.683100 ms  DeleteObjects: 0.022700 ms)

========================================================================
Received Import Request.
  Time since last request: 50.247161 seconds.
  path: Assets/Prefabs/CharacterTemplateUpdate.prefab
  artifactKey: Guid(e559bc0a92d846043a21754cb4778650) Importer(815301076,1909f56bfc062723c751e8b465ee728b)
Start importing Assets/Prefabs/CharacterTemplateUpdate.prefab using Guid(e559bc0a92d846043a21754cb4778650) Importer(815301076,1909f56bfc062723c751e8b465ee728b)  -> (artifact id: '1fe590918951864f03875d851a6eaa5b') in 0.036350 seconds
  Import took 0.039570 seconds .

========================================================================
Received Prepare
Registering precompiled user dll's ...
Registered in 0.003526 seconds.
Begin MonoManager ReloadAssembly
Native extension for WindowsStandalone target not found
Native extension for WebGL target not found
Refreshing native plugins compatible for Editor in 0.46 ms, found 3 plugins.
Preloading 0 native plugins for Editor in 0.00 ms.
Mono: successfully reloaded assembly
- Completed reload, in  1.036 seconds
Platform modules already initialized, skipping
Refreshing native plugins compatible for Editor in 0.50 ms, found 3 plugins.
Preloading 0 native plugins for Editor in 0.00 ms.
Unloading 2087 Unused Serialized files (Serialized files now loaded: 0)
System memory in use before: 93.9 MB.
System memory in use after: 94.0 MB.

Unloading 19 unused Assets to reduce memory usage. Loaded Objects now: 2622.
Total: 2.674600 ms (FindLiveObjects: 0.202900 ms CreateObjectMapping: 0.098300 ms MarkObjects: 2.345600 ms  DeleteObjects: 0.026800 ms)

========================================================================
Received Import Request.
  Time since last request: 25.427274 seconds.
  path: Assets/Prefabs/CharacterTemplateUpdate.prefab
  artifactKey: Guid(e559bc0a92d846043a21754cb4778650) Importer(815301076,1909f56bfc062723c751e8b465ee728b)
Start importing Assets/Prefabs/CharacterTemplateUpdate.prefab using Guid(e559bc0a92d846043a21754cb4778650) Importer(815301076,1909f56bfc062723c751e8b465ee728b)  -> (artifact id: '7e970290bdbb0299269ca869de4304ad') in 0.038338 seconds
  Import took 0.041522 seconds .

========================================================================
Received Import Request.
  Time since last request: 1.747675 seconds.
  path: Assets/Prefabs/CharacterTemplateUpdate.prefab
  artifactKey: Guid(e559bc0a92d846043a21754cb4778650) Importer(815301076,1909f56bfc062723c751e8b465ee728b)
Start importing Assets/Prefabs/CharacterTemplateUpdate.prefab using Guid(e559bc0a92d846043a21754cb4778650) Importer(815301076,1909f56bfc062723c751e8b465ee728b)  -> (artifact id: '47bf8b201547c95afeca2b09bfecf638') in 0.004737 seconds
  Import took 0.007951 seconds .

========================================================================
Received Import Request.
  Time since last request: 3.420110 seconds.
  path: Assets/Prefabs/CharacterTemplateUpdate.prefab
  artifactKey: Guid(e559bc0a92d846043a21754cb4778650) Importer(815301076,1909f56bfc062723c751e8b465ee728b)
Start importing Assets/Prefabs/CharacterTemplateUpdate.prefab using Guid(e559bc0a92d846043a21754cb4778650) Importer(815301076,1909f56bfc062723c751e8b465ee728b)  -> (artifact id: 'a67cd3a960f9f2ec1623a642ba8c8aa0') in 0.004885 seconds
  Import took 0.008136 seconds .

========================================================================
Received Import Request.
  Time since last request: 2.026141 seconds.
  path: Assets/Prefabs/CharacterTemplateUpdate.prefab
  artifactKey: Guid(e559bc0a92d846043a21754cb4778650) Importer(815301076,1909f56bfc062723c751e8b465ee728b)
Start importing Assets/Prefabs/CharacterTemplateUpdate.prefab using Guid(e559bc0a92d846043a21754cb4778650) Importer(815301076,1909f56bfc062723c751e8b465ee728b)  -> (artifact id: '0adebe169e717843359d2ef9e42aae0d') in 0.005447 seconds
  Import took 0.009418 seconds .

========================================================================
Received Import Request.
  Time since last request: 0.994559 seconds.
  path: Assets/Prefabs/CharacterTemplateUpdate.prefab
  artifactKey: Guid(e559bc0a92d846043a21754cb4778650) Importer(815301076,1909f56bfc062723c751e8b465ee728b)
Start importing Assets/Prefabs/CharacterTemplateUpdate.prefab using Guid(e559bc0a92d846043a21754cb4778650) Importer(815301076,1909f56bfc062723c751e8b465ee728b)  -> (artifact id: 'c952d820fc5b30c878b13340255166d7') in 0.004871 seconds
  Import took 0.008010 seconds .

========================================================================
Received Import Request.
  Time since last request: 1.401075 seconds.
  path: Assets/Prefabs/CharacterTemplateUpdate.prefab
  artifactKey: Guid(e559bc0a92d846043a21754cb4778650) Importer(815301076,1909f56bfc062723c751e8b465ee728b)
Start importing Assets/Prefabs/CharacterTemplateUpdate.prefab using Guid(e559bc0a92d846043a21754cb4778650) Importer(815301076,1909f56bfc062723c751e8b465ee728b)  -> (artifact id: '6133a7e7115db0bd42bcef68e1a21614') in 0.005683 seconds
  Import took 0.009512 seconds .

========================================================================
Received Prepare
Registering precompiled user dll's ...
Registered in 0.004444 seconds.
Begin MonoManager ReloadAssembly
Native extension for WindowsStandalone target not found
Native extension for WebGL target not found
Refreshing native plugins compatible for Editor in 0.48 ms, found 3 plugins.
Preloading 0 native plugins for Editor in 0.00 ms.
Mono: successfully reloaded assembly
- Completed reload, in  1.042 seconds
Platform modules already initialized, skipping
Refreshing native plugins compatible for Editor in 0.47 ms, found 3 plugins.
Preloading 0 native plugins for Editor in 0.00 ms.
Unloading 2087 Unused Serialized files (Serialized files now loaded: 0)
System memory in use before: 93.9 MB.
System memory in use after: 94.0 MB.

Unloading 19 unused Assets to reduce memory usage. Loaded Objects now: 2625.
Total: 2.207200 ms (FindLiveObjects: 0.193600 ms CreateObjectMapping: 0.077600 ms MarkObjects: 1.909700 ms  DeleteObjects: 0.025300 ms)

========================================================================
Received Prepare
Registering precompiled user dll's ...
Registered in 0.003119 seconds.
Begin MonoManager ReloadAssembly
Native extension for WindowsStandalone target not found
Native extension for WebGL target not found
Refreshing native plugins compatible for Editor in 0.97 ms, found 3 plugins.
Preloading 0 native plugins for Editor in 0.00 ms.
Mono: successfully reloaded assembly
- Completed reload, in  1.078 seconds
Platform modules already initialized, skipping
Refreshing native plugins compatible for Editor in 0.58 ms, found 3 plugins.
Preloading 0 native plugins for Editor in 0.00 ms.
Unloading 2087 Unused Serialized files (Serialized files now loaded: 0)
System memory in use before: 93.9 MB.
System memory in use after: 94.0 MB.

Unloading 17 unused Assets to reduce memory usage. Loaded Objects now: 2628.
Total: 2.097300 ms (FindLiveObjects: 0.200100 ms CreateObjectMapping: 0.069100 ms MarkObjects: 1.807400 ms  DeleteObjects: 0.019200 ms)

========================================================================
Received Prepare
Registering precompiled user dll's ...
Registered in 0.003300 seconds.
Begin MonoManager ReloadAssembly
Native extension for WindowsStandalone target not found
Native extension for WebGL target not found
Refreshing native plugins compatible for Editor in 0.66 ms, found 3 plugins.
Preloading 0 native plugins for Editor in 0.00 ms.
Mono: successfully reloaded assembly
- Completed reload, in  1.089 seconds
Platform modules already initialized, skipping
Refreshing native plugins compatible for Editor in 0.47 ms, found 3 plugins.
Preloading 0 native plugins for Editor in 0.00 ms.
Unloading 2087 Unused Serialized files (Serialized files now loaded: 0)
System memory in use before: 93.9 MB.
System memory in use after: 94.0 MB.

Unloading 17 unused Assets to reduce memory usage. Loaded Objects now: 2631.
Total: 2.325400 ms (FindLiveObjects: 0.255400 ms CreateObjectMapping: 0.162700 ms MarkObjects: 1.884400 ms  DeleteObjects: 0.022000 ms)

