Using pre-set license
Built from '2020.3/staging' branch; Version is '2020.3.11f1 (99c7afb366b3) revision 10078127'; Using compiler version '192528614'; Build Type 'Release'
OS: 'Windows 10 Education; OS build 18363.1621; Version 1909; 64bit' Language: 'en' Physical Memory: 32683 MB
BatchMode: 1, IsHumanControllingUs: 0, StartBugReporterOnCrash: 0, Is64bit: 1, IsPro: 0

 COMMAND LINE ARGUMENTS:
C:\Users\MACKENZB\Documents\unity stuff\2020.3.11f1\Editor\Unity.exe
-adb2
-batchMode
-noUpm
-name
AssetImportWorker1
-projectPath
C:/Users/MACKENZB/GMTKGameJam2021
-logFile
Logs/AssetImportWorker1.log
-srvPort
64991
Successfully changed project path to: C:/Users/MACKENZB/GMTKGameJam2021
C:/Users/MACKENZB/GMTKGameJam2021
Using Asset Import Pipeline V2.
Refreshing native plugins compatible for Editor in 39.29 ms, found 3 plugins.
Preloading 0 native plugins for Editor in 0.00 ms.
Initialize engine version: 2020.3.11f1 (99c7afb366b3)
[Subsystems] Discovering subsystems at path C:/Users/MACKENZB/Documents/unity stuff/2020.3.11f1/Editor/Data/Resources/UnitySubsystems
[Subsystems] Discovering subsystems at path C:/Users/MACKENZB/GMTKGameJam2021/Assets
GfxDevice: creating device client; threaded=0
Direct3D:
    Version:  Direct3D 11.0 [level 11.1]
    Renderer: NVIDIA GeForce RTX 2080 SUPER (ID=0x1e81)
    Vendor:   
    VRAM:     8010 MB
    Driver:   27.21.14.5671
Initialize mono
Mono path[0] = 'C:/Users/MACKENZB/Documents/unity stuff/2020.3.11f1/Editor/Data/Managed'
Mono path[1] = 'C:/Users/MACKENZB/Documents/unity stuff/2020.3.11f1/Editor/Data/MonoBleedingEdge/lib/mono/unityjit'
Mono config path = 'C:/Users/MACKENZB/Documents/unity stuff/2020.3.11f1/Editor/Data/MonoBleedingEdge/etc'
Using monoOptions --debugger-agent=transport=dt_socket,embedding=1,server=y,suspend=n,address=127.0.0.1:56932
Begin MonoManager ReloadAssembly
Registering precompiled unity dll's ...
Register platform support module: C:/Users/MACKENZB/Documents/unity stuff/2020.3.11f1/Editor/Data/PlaybackEngines/WindowsStandaloneSupport/UnityEditor.WindowsStandalone.Extensions.dll
Registered in 0.001498 seconds.
Native extension for WindowsStandalone target not found
Refreshing native plugins compatible for Editor in 42.79 ms, found 3 plugins.
Preloading 0 native plugins for Editor in 0.00 ms.
Mono: successfully reloaded assembly
- Completed reload, in  0.894 seconds
Platform modules already initialized, skipping
Registering precompiled user dll's ...
Registered in 0.003240 seconds.
Begin MonoManager ReloadAssembly
Native extension for WindowsStandalone target not found
Refreshing native plugins compatible for Editor in 35.80 ms, found 3 plugins.
Preloading 0 native plugins for Editor in 0.00 ms.
Mono: successfully reloaded assembly
- Completed reload, in  0.954 seconds
Platform modules already initialized, skipping
========================================================================
Worker process is ready to serve import requests
Launched and connected shader compiler UnityShaderCompiler.exe after 0.04 seconds
Refreshing native plugins compatible for Editor in 0.42 ms, found 3 plugins.
Preloading 0 native plugins for Editor in 0.00 ms.
Unloading 2110 Unused Serialized files (Serialized files now loaded: 0)
System memory in use before: 95.4 MB.
System memory in use after: 95.5 MB.

Unloading 28 unused Assets to reduce memory usage. Loaded Objects now: 2550.
Total: 1.880100 ms (FindLiveObjects: 0.169000 ms CreateObjectMapping: 0.069300 ms MarkObjects: 1.577500 ms  DeleteObjects: 0.063600 ms)

========================================================================
Received Import Request.
  path: Assets/Prefabs/Enemies/Slime.prefab
  artifactKey: Guid(499355c72eb1dfb41adfa856cbe70225) Importer(815301076,1909f56bfc062723c751e8b465ee728b)
Start importing Assets/Prefabs/Enemies/Slime.prefab using Guid(499355c72eb1dfb41adfa856cbe70225) Importer(815301076,1909f56bfc062723c751e8b465ee728b)  -> (artifact id: '57daa049cd0ec59ac249c6fb07d9a846') in 0.050010 seconds
  Import took 0.053249 seconds .

========================================================================
Received Import Request.
  Time since last request: 0.027885 seconds.
  path: Assets/Prefabs/Enemies/Slime.prefab
  artifactKey: Guid(499355c72eb1dfb41adfa856cbe70225) Importer(815301076,1909f56bfc062723c751e8b465ee728b)
Start importing Assets/Prefabs/Enemies/Slime.prefab using Guid(499355c72eb1dfb41adfa856cbe70225) Importer(815301076,1909f56bfc062723c751e8b465ee728b)  -> (artifact id: '57daa049cd0ec59ac249c6fb07d9a846') in 0.005544 seconds
  Import took 0.008552 seconds .

========================================================================
Received Prepare
Registering precompiled user dll's ...
Registered in 0.003179 seconds.
Begin MonoManager ReloadAssembly
Native extension for WindowsStandalone target not found
Refreshing native plugins compatible for Editor in 0.42 ms, found 3 plugins.
Preloading 0 native plugins for Editor in 0.00 ms.
Mono: successfully reloaded assembly
- Completed reload, in  0.874 seconds
Platform modules already initialized, skipping
Refreshing native plugins compatible for Editor in 0.42 ms, found 3 plugins.
Preloading 0 native plugins for Editor in 0.00 ms.
Unloading 2087 Unused Serialized files (Serialized files now loaded: 0)
System memory in use before: 93.6 MB.
System memory in use after: 93.7 MB.

Unloading 17 unused Assets to reduce memory usage. Loaded Objects now: 2553.
Total: 1.807600 ms (FindLiveObjects: 0.170000 ms CreateObjectMapping: 0.071000 ms MarkObjects: 1.551500 ms  DeleteObjects: 0.014300 ms)

========================================================================
Received Prepare
Registering precompiled user dll's ...
Registered in 0.003227 seconds.
Begin MonoManager ReloadAssembly
Native extension for WindowsStandalone target not found
Refreshing native plugins compatible for Editor in 0.43 ms, found 3 plugins.
Preloading 0 native plugins for Editor in 0.00 ms.
Mono: successfully reloaded assembly
- Completed reload, in  0.888 seconds
Platform modules already initialized, skipping
Refreshing native plugins compatible for Editor in 0.44 ms, found 3 plugins.
Preloading 0 native plugins for Editor in 0.00 ms.
Unloading 2087 Unused Serialized files (Serialized files now loaded: 0)
System memory in use before: 93.6 MB.
System memory in use after: 93.8 MB.

Unloading 17 unused Assets to reduce memory usage. Loaded Objects now: 2556.
Total: 1.844600 ms (FindLiveObjects: 0.176000 ms CreateObjectMapping: 0.069500 ms MarkObjects: 1.583300 ms  DeleteObjects: 0.015000 ms)

========================================================================
Received Prepare
Registering precompiled user dll's ...
Registered in 0.003063 seconds.
Begin MonoManager ReloadAssembly
Native extension for WindowsStandalone target not found
Refreshing native plugins compatible for Editor in 0.42 ms, found 3 plugins.
Preloading 0 native plugins for Editor in 0.00 ms.
Mono: successfully reloaded assembly
- Completed reload, in  0.869 seconds
Platform modules already initialized, skipping
Refreshing native plugins compatible for Editor in 0.41 ms, found 3 plugins.
Preloading 0 native plugins for Editor in 0.00 ms.
Unloading 2087 Unused Serialized files (Serialized files now loaded: 0)
System memory in use before: 93.7 MB.
System memory in use after: 93.8 MB.

Unloading 17 unused Assets to reduce memory usage. Loaded Objects now: 2559.
Total: 2.036400 ms (FindLiveObjects: 0.192300 ms CreateObjectMapping: 0.070800 ms MarkObjects: 1.755100 ms  DeleteObjects: 0.017100 ms)

========================================================================
Received Prepare
Registering precompiled user dll's ...
Registered in 0.003073 seconds.
Begin MonoManager ReloadAssembly
Native extension for WindowsStandalone target not found
Refreshing native plugins compatible for Editor in 0.42 ms, found 3 plugins.
Preloading 0 native plugins for Editor in 0.00 ms.
Mono: successfully reloaded assembly
- Completed reload, in  0.866 seconds
Platform modules already initialized, skipping
Refreshing native plugins compatible for Editor in 0.42 ms, found 3 plugins.
Preloading 0 native plugins for Editor in 0.00 ms.
Unloading 2087 Unused Serialized files (Serialized files now loaded: 0)
System memory in use before: 93.7 MB.
System memory in use after: 93.8 MB.

Unloading 17 unused Assets to reduce memory usage. Loaded Objects now: 2562.
Total: 2.115000 ms (FindLiveObjects: 0.200900 ms CreateObjectMapping: 0.081800 ms MarkObjects: 1.813200 ms  DeleteObjects: 0.018200 ms)

========================================================================
Received Prepare
Registering precompiled user dll's ...
Registered in 0.003233 seconds.
Begin MonoManager ReloadAssembly
Native extension for WindowsStandalone target not found
Refreshing native plugins compatible for Editor in 0.44 ms, found 3 plugins.
Preloading 0 native plugins for Editor in 0.00 ms.
Mono: successfully reloaded assembly
- Completed reload, in  0.869 seconds
Platform modules already initialized, skipping
Refreshing native plugins compatible for Editor in 0.42 ms, found 3 plugins.
Preloading 0 native plugins for Editor in 0.00 ms.
Unloading 2087 Unused Serialized files (Serialized files now loaded: 0)
System memory in use before: 93.7 MB.
System memory in use after: 93.8 MB.

Unloading 17 unused Assets to reduce memory usage. Loaded Objects now: 2565.
Total: 1.920600 ms (FindLiveObjects: 0.162200 ms CreateObjectMapping: 0.071500 ms MarkObjects: 1.671200 ms  DeleteObjects: 0.015000 ms)

========================================================================
Received Import Request.
  Time since last request: 131.235633 seconds.
  path: Assets/Prefabs/Enemies/Slime.prefab
  artifactKey: Guid(499355c72eb1dfb41adfa856cbe70225) Importer(815301076,1909f56bfc062723c751e8b465ee728b)
Start importing Assets/Prefabs/Enemies/Slime.prefab using Guid(499355c72eb1dfb41adfa856cbe70225) Importer(815301076,1909f56bfc062723c751e8b465ee728b)  -> (artifact id: '8f2901746c49923d998ca4a26f740b9f') in 0.027806 seconds
  Import took 0.030612 seconds .

========================================================================
Received Prepare
Registering precompiled user dll's ...
Registered in 0.003266 seconds.
Begin MonoManager ReloadAssembly
Native extension for WindowsStandalone target not found
Refreshing native plugins compatible for Editor in 0.42 ms, found 3 plugins.
Preloading 0 native plugins for Editor in 0.00 ms.
Mono: successfully reloaded assembly
- Completed reload, in  0.867 seconds
Platform modules already initialized, skipping
Refreshing native plugins compatible for Editor in 0.42 ms, found 3 plugins.
Preloading 0 native plugins for Editor in 0.00 ms.
Unloading 2087 Unused Serialized files (Serialized files now loaded: 0)
System memory in use before: 93.7 MB.
System memory in use after: 93.8 MB.

Unloading 17 unused Assets to reduce memory usage. Loaded Objects now: 2568.
Total: 2.009300 ms (FindLiveObjects: 0.198000 ms CreateObjectMapping: 0.078300 ms MarkObjects: 1.714400 ms  DeleteObjects: 0.017100 ms)

========================================================================
Received Prepare
Registering precompiled user dll's ...
Registered in 0.003264 seconds.
Begin MonoManager ReloadAssembly
Native extension for WindowsStandalone target not found
Refreshing native plugins compatible for Editor in 0.42 ms, found 3 plugins.
Preloading 0 native plugins for Editor in 0.00 ms.
Mono: successfully reloaded assembly
- Completed reload, in  0.864 seconds
Platform modules already initialized, skipping
Refreshing native plugins compatible for Editor in 0.42 ms, found 3 plugins.
Preloading 0 native plugins for Editor in 0.00 ms.
Unloading 2087 Unused Serialized files (Serialized files now loaded: 0)
System memory in use before: 93.7 MB.
System memory in use after: 93.8 MB.

Unloading 17 unused Assets to reduce memory usage. Loaded Objects now: 2571.
Total: 1.915200 ms (FindLiveObjects: 0.206200 ms CreateObjectMapping: 0.087000 ms MarkObjects: 1.606600 ms  DeleteObjects: 0.014500 ms)

========================================================================
Received Import Request.
  Time since last request: 25.010714 seconds.
  path: Assets/Prefabs/Enemies/Slime.prefab
  artifactKey: Guid(499355c72eb1dfb41adfa856cbe70225) Importer(815301076,1909f56bfc062723c751e8b465ee728b)
Start importing Assets/Prefabs/Enemies/Slime.prefab using Guid(499355c72eb1dfb41adfa856cbe70225) Importer(815301076,1909f56bfc062723c751e8b465ee728b)  -> (artifact id: '39663f77ef1884085348062c91de3821') in 0.027607 seconds
  Import took 0.030529 seconds .

========================================================================
Received Prepare
Registering precompiled user dll's ...
Registered in 0.003291 seconds.
Begin MonoManager ReloadAssembly
Native extension for WindowsStandalone target not found
Refreshing native plugins compatible for Editor in 0.47 ms, found 3 plugins.
Preloading 0 native plugins for Editor in 0.00 ms.
Mono: successfully reloaded assembly
- Completed reload, in  0.889 seconds
Platform modules already initialized, skipping
Refreshing native plugins compatible for Editor in 0.41 ms, found 3 plugins.
Preloading 0 native plugins for Editor in 0.00 ms.
Unloading 2087 Unused Serialized files (Serialized files now loaded: 0)
System memory in use before: 93.7 MB.
System memory in use after: 93.8 MB.

Unloading 17 unused Assets to reduce memory usage. Loaded Objects now: 2574.
Total: 1.798600 ms (FindLiveObjects: 0.147900 ms CreateObjectMapping: 0.059600 ms MarkObjects: 1.575700 ms  DeleteObjects: 0.014600 ms)

========================================================================
Received Prepare
Registering precompiled user dll's ...
Registered in 0.003326 seconds.
Begin MonoManager ReloadAssembly
Native extension for WindowsStandalone target not found
Refreshing native plugins compatible for Editor in 0.42 ms, found 3 plugins.
Preloading 0 native plugins for Editor in 0.00 ms.
Mono: successfully reloaded assembly
- Completed reload, in  0.876 seconds
Platform modules already initialized, skipping
Refreshing native plugins compatible for Editor in 0.43 ms, found 3 plugins.
Preloading 0 native plugins for Editor in 0.00 ms.
Unloading 2087 Unused Serialized files (Serialized files now loaded: 0)
System memory in use before: 93.7 MB.
System memory in use after: 93.8 MB.

Unloading 17 unused Assets to reduce memory usage. Loaded Objects now: 2577.
Total: 2.558000 ms (FindLiveObjects: 0.257200 ms CreateObjectMapping: 0.141100 ms MarkObjects: 2.134600 ms  DeleteObjects: 0.023500 ms)

========================================================================
Received Import Request.
  Time since last request: 322.060429 seconds.
  path: Assets/Scripts/SceneLoader.cs
  artifactKey: Guid(b332efb936ed42c4e9b2f02e8a6886e3) Importer(815301076,1909f56bfc062723c751e8b465ee728b)
Start importing Assets/Scripts/SceneLoader.cs using Guid(b332efb936ed42c4e9b2f02e8a6886e3) Importer(815301076,1909f56bfc062723c751e8b465ee728b)  -> (artifact id: 'a9fbcf524179abf925c47988e4397f34') in 0.011942 seconds
  Import took 0.015213 seconds .

========================================================================
Received Import Request.
  Time since last request: 2.073019 seconds.
  path: Assets/Scripts/Dialogue/DialogueManager.cs
  artifactKey: Guid(7695f8189c8132d448f16dfc896defd9) Importer(815301076,1909f56bfc062723c751e8b465ee728b)
Start importing Assets/Scripts/Dialogue/DialogueManager.cs using Guid(7695f8189c8132d448f16dfc896defd9) Importer(815301076,1909f56bfc062723c751e8b465ee728b)  -> (artifact id: '3298775fcc3529944fa6ddcc58f18abe') in 0.002010 seconds
  Import took 0.004860 seconds .

========================================================================
Received Import Request.
  Time since last request: 0.000730 seconds.
  path: Assets/Scripts/Dialogue/DialogueManager.cs
  artifactKey: Guid(7695f8189c8132d448f16dfc896defd9) Importer(815301076,1909f56bfc062723c751e8b465ee728b)
Start importing Assets/Scripts/Dialogue/DialogueManager.cs using Guid(7695f8189c8132d448f16dfc896defd9) Importer(815301076,1909f56bfc062723c751e8b465ee728b)  -> (artifact id: '3298775fcc3529944fa6ddcc58f18abe') in 0.002043 seconds
  Import took 0.004872 seconds .

========================================================================
Received Prepare
Registering precompiled user dll's ...
Registered in 0.003474 seconds.
Begin MonoManager ReloadAssembly
Native extension for WindowsStandalone target not found
Refreshing native plugins compatible for Editor in 0.41 ms, found 3 plugins.
Preloading 0 native plugins for Editor in 0.00 ms.
Mono: successfully reloaded assembly
- Completed reload, in  0.856 seconds
Platform modules already initialized, skipping
Refreshing native plugins compatible for Editor in 0.41 ms, found 3 plugins.
Preloading 0 native plugins for Editor in 0.00 ms.
Unloading 2087 Unused Serialized files (Serialized files now loaded: 0)
System memory in use before: 93.7 MB.
System memory in use after: 93.9 MB.

Unloading 17 unused Assets to reduce memory usage. Loaded Objects now: 2580.
Total: 2.167600 ms (FindLiveObjects: 0.188800 ms CreateObjectMapping: 0.071700 ms MarkObjects: 1.889000 ms  DeleteObjects: 0.017000 ms)

========================================================================
Received Prepare
Registering precompiled user dll's ...
Registered in 0.003143 seconds.
Begin MonoManager ReloadAssembly
Native extension for WindowsStandalone target not found
Refreshing native plugins compatible for Editor in 0.43 ms, found 3 plugins.
Preloading 0 native plugins for Editor in 0.00 ms.
Mono: successfully reloaded assembly
- Completed reload, in  0.868 seconds
Platform modules already initialized, skipping
Refreshing native plugins compatible for Editor in 0.46 ms, found 3 plugins.
Preloading 0 native plugins for Editor in 0.00 ms.
Unloading 2087 Unused Serialized files (Serialized files now loaded: 0)
System memory in use before: 93.7 MB.
System memory in use after: 93.9 MB.

Unloading 17 unused Assets to reduce memory usage. Loaded Objects now: 2583.
Total: 1.899800 ms (FindLiveObjects: 0.177500 ms CreateObjectMapping: 0.067600 ms MarkObjects: 1.636900 ms  DeleteObjects: 0.017000 ms)

========================================================================
Received Prepare
Registering precompiled user dll's ...
Registered in 0.003224 seconds.
Begin MonoManager ReloadAssembly
Native extension for WindowsStandalone target not found
Refreshing native plugins compatible for Editor in 0.47 ms, found 3 plugins.
Preloading 0 native plugins for Editor in 0.00 ms.
Mono: successfully reloaded assembly
- Completed reload, in  0.914 seconds
Platform modules already initialized, skipping
Refreshing native plugins compatible for Editor in 0.43 ms, found 3 plugins.
Preloading 0 native plugins for Editor in 0.00 ms.
Unloading 2087 Unused Serialized files (Serialized files now loaded: 0)
System memory in use before: 93.8 MB.
System memory in use after: 93.9 MB.

Unloading 17 unused Assets to reduce memory usage. Loaded Objects now: 2586.
Total: 2.043300 ms (FindLiveObjects: 0.230900 ms CreateObjectMapping: 0.092500 ms MarkObjects: 1.702800 ms  DeleteObjects: 0.016100 ms)

========================================================================
Received Import Request.
  Time since last request: 117.228080 seconds.
  path: Assets/Scenes/SampleScene.unity
  artifactKey: Guid(2cda990e2423bbf4892e6590ba056729) Importer(815301076,1909f56bfc062723c751e8b465ee728b)
Start importing Assets/Scenes/SampleScene.unity using Guid(2cda990e2423bbf4892e6590ba056729) Importer(815301076,1909f56bfc062723c751e8b465ee728b)  -> (artifact id: '3e981db708d672a097207dd89a3acf93') in 0.011744 seconds
  Import took 0.014595 seconds .

========================================================================
Received Import Request.
  Time since last request: 51.365452 seconds.
  path: Assets/Prefabs/SceneLoader.prefab
  artifactKey: Guid(a24851c5eac022242a44bc98a3b186be) Importer(815301076,1909f56bfc062723c751e8b465ee728b)
Start importing Assets/Prefabs/SceneLoader.prefab using Guid(a24851c5eac022242a44bc98a3b186be) Importer(815301076,1909f56bfc062723c751e8b465ee728b)  -> (artifact id: '978b7b0713aedb7e085a10132de84f52') in 0.012222 seconds
  Import took 0.015145 seconds .

========================================================================
Received Import Request.
  Time since last request: 5.770328 seconds.
  path: Assets/Scenes/Dialogue 1.unity
  artifactKey: Guid(6e43db498a024ce47862d0a7986091a5) Importer(815301076,1909f56bfc062723c751e8b465ee728b)
Start importing Assets/Scenes/Dialogue 1.unity using Guid(6e43db498a024ce47862d0a7986091a5) Importer(815301076,1909f56bfc062723c751e8b465ee728b)  -> (artifact id: '453d69a1b9aa469b47c9770d798a2f89') in 0.002262 seconds
  Import took 0.005199 seconds .

========================================================================
Received Import Request.
  Time since last request: 7.997595 seconds.
  path: Assets/Scripts/BattleManager.cs
  artifactKey: Guid(7a8fe391dabe44f4bb463ededf59d833) Importer(815301076,1909f56bfc062723c751e8b465ee728b)
Start importing Assets/Scripts/BattleManager.cs using Guid(7a8fe391dabe44f4bb463ededf59d833) Importer(815301076,1909f56bfc062723c751e8b465ee728b)  -> (artifact id: '3e6586ad1dc530126b03596a1dd3453a') in 0.002112 seconds
  Import took 0.005042 seconds .

========================================================================
Received Import Request.
  Time since last request: 0.001809 seconds.
  path: Assets/Scripts/BattleManager.cs
  artifactKey: Guid(7a8fe391dabe44f4bb463ededf59d833) Importer(815301076,1909f56bfc062723c751e8b465ee728b)
Start importing Assets/Scripts/BattleManager.cs using Guid(7a8fe391dabe44f4bb463ededf59d833) Importer(815301076,1909f56bfc062723c751e8b465ee728b)  -> (artifact id: '3e6586ad1dc530126b03596a1dd3453a') in 0.002083 seconds
  Import took 0.005016 seconds .

========================================================================
Received Prepare
Registering precompiled user dll's ...
Registered in 0.003291 seconds.
Begin MonoManager ReloadAssembly
Native extension for WindowsStandalone target not found
Refreshing native plugins compatible for Editor in 0.44 ms, found 3 plugins.
Preloading 0 native plugins for Editor in 0.00 ms.
Mono: successfully reloaded assembly
- Completed reload, in  0.869 seconds
Platform modules already initialized, skipping
Refreshing native plugins compatible for Editor in 0.46 ms, found 3 plugins.
Preloading 0 native plugins for Editor in 0.00 ms.
Unloading 2087 Unused Serialized files (Serialized files now loaded: 0)
System memory in use before: 93.8 MB.
System memory in use after: 93.9 MB.

Unloading 17 unused Assets to reduce memory usage. Loaded Objects now: 2589.
Total: 2.195100 ms (FindLiveObjects: 0.226600 ms CreateObjectMapping: 0.101400 ms MarkObjects: 1.849100 ms  DeleteObjects: 0.017100 ms)

========================================================================
Received Import Request.
  Time since last request: 76.348302 seconds.
  path: Assets/Scripts/BattleManager.cs
  artifactKey: Guid(7a8fe391dabe44f4bb463ededf59d833) Importer(815301076,1909f56bfc062723c751e8b465ee728b)
Start importing Assets/Scripts/BattleManager.cs using Guid(7a8fe391dabe44f4bb463ededf59d833) Importer(815301076,1909f56bfc062723c751e8b465ee728b)  -> (artifact id: 'de51ba831a1b601a03adfbccd0474da4') in 0.004468 seconds
  Import took 0.007436 seconds .

========================================================================
Received Import Request.
  Time since last request: 54.724604 seconds.
  path: Assets/Scenes/Dialogue 2.unity
  artifactKey: Guid(7d5cdac49415a704da04c3cf3e13483d) Importer(815301076,1909f56bfc062723c751e8b465ee728b)
Start importing Assets/Scenes/Dialogue 2.unity using Guid(7d5cdac49415a704da04c3cf3e13483d) Importer(815301076,1909f56bfc062723c751e8b465ee728b)  -> (artifact id: 'c29ab74d23a2cb31012fffc31be18c6c') in 0.007444 seconds
  Import took 0.010516 seconds .

========================================================================
Received Prepare
Registering precompiled user dll's ...
Registered in 0.003433 seconds.
Begin MonoManager ReloadAssembly
Native extension for WindowsStandalone target not found
Refreshing native plugins compatible for Editor in 0.42 ms, found 3 plugins.
Preloading 0 native plugins for Editor in 0.00 ms.
Mono: successfully reloaded assembly
- Completed reload, in  0.892 seconds
Platform modules already initialized, skipping
Refreshing native plugins compatible for Editor in 0.42 ms, found 3 plugins.
Preloading 0 native plugins for Editor in 0.00 ms.
Unloading 2087 Unused Serialized files (Serialized files now loaded: 0)
System memory in use before: 93.8 MB.
System memory in use after: 93.9 MB.

Unloading 17 unused Assets to reduce memory usage. Loaded Objects now: 2592.
Total: 1.850100 ms (FindLiveObjects: 0.161600 ms CreateObjectMapping: 0.063000 ms MarkObjects: 1.610300 ms  DeleteObjects: 0.014500 ms)

========================================================================
Received Import Request.
  Time since last request: 22.661603 seconds.
  path: Assets/Scenes/Crypt Guard.unity
  artifactKey: Guid(6f877323322d5824ea8461099d05f22e) Importer(815301076,1909f56bfc062723c751e8b465ee728b)
Start importing Assets/Scenes/Crypt Guard.unity using Guid(6f877323322d5824ea8461099d05f22e) Importer(815301076,1909f56bfc062723c751e8b465ee728b)  -> (artifact id: '669df33542daf2a935565604b1543cb5') in 0.009258 seconds
  Import took 0.012666 seconds .

========================================================================
Received Import Request.
  Time since last request: 17.009692 seconds.
  path: Assets/Animations
  artifactKey: Guid(7c94afeac2491084abe05fc4d81ab970) Importer(815301076,1909f56bfc062723c751e8b465ee728b)
Start importing Assets/Animations using Guid(7c94afeac2491084abe05fc4d81ab970) Importer(815301076,1909f56bfc062723c751e8b465ee728b)  -> (artifact id: '3a78bcd3c4cfb6abcbfbe9a095ae574f') in 0.006031 seconds
  Import took 0.008950 seconds .

========================================================================
Received Import Request.
  Time since last request: 25.593290 seconds.
  path: Assets/Scenes/Dialogue 3.unity
  artifactKey: Guid(28bd7270f3245b440b17830cbfd21c94) Importer(815301076,1909f56bfc062723c751e8b465ee728b)
Start importing Assets/Scenes/Dialogue 3.unity using Guid(28bd7270f3245b440b17830cbfd21c94) Importer(815301076,1909f56bfc062723c751e8b465ee728b)  -> (artifact id: '4c5d248d9862b614d2e8164ffe8759d0') in 0.002574 seconds
  Import took 0.005436 seconds .

========================================================================
Received Import Request.
  Time since last request: 0.000486 seconds.
  path: Assets/Scenes/Dialogue 3.unity
  artifactKey: Guid(28bd7270f3245b440b17830cbfd21c94) Importer(815301076,1909f56bfc062723c751e8b465ee728b)
Start importing Assets/Scenes/Dialogue 3.unity using Guid(28bd7270f3245b440b17830cbfd21c94) Importer(815301076,1909f56bfc062723c751e8b465ee728b)  -> (artifact id: '4c5d248d9862b614d2e8164ffe8759d0') in 0.002626 seconds
  Import took 0.005564 seconds .

========================================================================
Received Import Request.
  Time since last request: 16.208081 seconds.
  path: Assets/Scenes/Lich.unity
  artifactKey: Guid(6af45be749b16d341bb1e366d7c74ae5) Importer(815301076,1909f56bfc062723c751e8b465ee728b)
Start importing Assets/Scenes/Lich.unity using Guid(6af45be749b16d341bb1e366d7c74ae5) Importer(815301076,1909f56bfc062723c751e8b465ee728b)  -> (artifact id: '48f3bc7c965ed099badc4e7839106ebe') in 0.002336 seconds
  Import took 0.005193 seconds .

========================================================================
Received Import Request.
  Time since last request: 33.920343 seconds.
  path: Assets/Scenes/Dialogue 5.unity
  artifactKey: Guid(c146b4dd80571374b9f4567c50875caa) Importer(815301076,1909f56bfc062723c751e8b465ee728b)
Start importing Assets/Scenes/Dialogue 5.unity using Guid(c146b4dd80571374b9f4567c50875caa) Importer(815301076,1909f56bfc062723c751e8b465ee728b)  -> (artifact id: 'd96d3fb86881a67577ce07c016798e5b') in 0.002460 seconds
  Import took 0.005371 seconds .

========================================================================
Received Import Request.
  Time since last request: 0.000814 seconds.
  path: Assets/Scenes/Dialogue 5.unity
  artifactKey: Guid(c146b4dd80571374b9f4567c50875caa) Importer(815301076,1909f56bfc062723c751e8b465ee728b)
Start importing Assets/Scenes/Dialogue 5.unity using Guid(c146b4dd80571374b9f4567c50875caa) Importer(815301076,1909f56bfc062723c751e8b465ee728b)  -> (artifact id: 'd96d3fb86881a67577ce07c016798e5b') in 0.002130 seconds
  Import took 0.005204 seconds .

========================================================================
Received Import Request.
  Time since last request: 8.921609 seconds.
  path: Assets/Scenes/Dialogue 2.unity
  artifactKey: Guid(7d5cdac49415a704da04c3cf3e13483d) Importer(815301076,1909f56bfc062723c751e8b465ee728b)
Start importing Assets/Scenes/Dialogue 2.unity using Guid(7d5cdac49415a704da04c3cf3e13483d) Importer(815301076,1909f56bfc062723c751e8b465ee728b)  -> (artifact id: '9138c7cf3dfde2bf23ff5d21d136bb53') in 0.002470 seconds
  Import took 0.005351 seconds .

========================================================================
Received Prepare
Registering precompiled user dll's ...
Registered in 0.003126 seconds.
Begin MonoManager ReloadAssembly
Native extension for WindowsStandalone target not found
Refreshing native plugins compatible for Editor in 0.43 ms, found 3 plugins.
Preloading 0 native plugins for Editor in 0.00 ms.
Mono: successfully reloaded assembly
- Completed reload, in  0.876 seconds
Platform modules already initialized, skipping
Refreshing native plugins compatible for Editor in 0.43 ms, found 3 plugins.
Preloading 0 native plugins for Editor in 0.00 ms.
Unloading 2087 Unused Serialized files (Serialized files now loaded: 0)
System memory in use before: 93.8 MB.
System memory in use after: 93.9 MB.

Unloading 17 unused Assets to reduce memory usage. Loaded Objects now: 2595.
Total: 2.035600 ms (FindLiveObjects: 0.226800 ms CreateObjectMapping: 0.092200 ms MarkObjects: 1.698100 ms  DeleteObjects: 0.017500 ms)

========================================================================
Received Import Request.
  Time since last request: 390.666678 seconds.
  path: Assets/Scenes/SampleScene.unity
  artifactKey: Guid(2cda990e2423bbf4892e6590ba056729) Importer(815301076,1909f56bfc062723c751e8b465ee728b)
Start importing Assets/Scenes/SampleScene.unity using Guid(2cda990e2423bbf4892e6590ba056729) Importer(815301076,1909f56bfc062723c751e8b465ee728b)  -> (artifact id: '06bec8c49401e47faab205baf7087999') in 0.009589 seconds
  Import took 0.012563 seconds .

========================================================================
Received Prepare
Registering precompiled user dll's ...
Registered in 0.003260 seconds.
Begin MonoManager ReloadAssembly
Native extension for WindowsStandalone target not found
Refreshing native plugins compatible for Editor in 0.43 ms, found 3 plugins.
Preloading 0 native plugins for Editor in 0.00 ms.
Mono: successfully reloaded assembly
- Completed reload, in  0.866 seconds
Platform modules already initialized, skipping
Refreshing native plugins compatible for Editor in 0.42 ms, found 3 plugins.
Preloading 0 native plugins for Editor in 0.00 ms.
Unloading 2087 Unused Serialized files (Serialized files now loaded: 0)
System memory in use before: 93.8 MB.
System memory in use after: 93.9 MB.

Unloading 17 unused Assets to reduce memory usage. Loaded Objects now: 2598.
Total: 1.876900 ms (FindLiveObjects: 0.196800 ms CreateObjectMapping: 0.074600 ms MarkObjects: 1.590500 ms  DeleteObjects: 0.014100 ms)

========================================================================
Received Prepare
Registering precompiled user dll's ...
Registered in 0.003180 seconds.
Begin MonoManager ReloadAssembly
Native extension for WindowsStandalone target not found
Refreshing native plugins compatible for Editor in 0.45 ms, found 3 plugins.
Preloading 0 native plugins for Editor in 0.00 ms.
Mono: successfully reloaded assembly
- Completed reload, in  0.877 seconds
Platform modules already initialized, skipping
Refreshing native plugins compatible for Editor in 0.42 ms, found 3 plugins.
Preloading 0 native plugins for Editor in 0.00 ms.
Unloading 2087 Unused Serialized files (Serialized files now loaded: 0)
System memory in use before: 93.8 MB.
System memory in use after: 93.9 MB.

Unloading 17 unused Assets to reduce memory usage. Loaded Objects now: 2601.
Total: 1.801600 ms (FindLiveObjects: 0.166200 ms CreateObjectMapping: 0.063300 ms MarkObjects: 1.555000 ms  DeleteObjects: 0.016200 ms)

========================================================================
Received Prepare
Registering precompiled user dll's ...
Registered in 0.003158 seconds.
Begin MonoManager ReloadAssembly
Native extension for WindowsStandalone target not found
Refreshing native plugins compatible for Editor in 0.43 ms, found 3 plugins.
Preloading 0 native plugins for Editor in 0.00 ms.
Mono: successfully reloaded assembly
- Completed reload, in  0.904 seconds
Platform modules already initialized, skipping
Refreshing native plugins compatible for Editor in 0.43 ms, found 3 plugins.
Preloading 0 native plugins for Editor in 0.00 ms.
Unloading 2087 Unused Serialized files (Serialized files now loaded: 0)
System memory in use before: 93.8 MB.
System memory in use after: 93.9 MB.

Unloading 17 unused Assets to reduce memory usage. Loaded Objects now: 2604.
Total: 1.950900 ms (FindLiveObjects: 0.201100 ms CreateObjectMapping: 0.084300 ms MarkObjects: 1.648200 ms  DeleteObjects: 0.016200 ms)

========================================================================
Received Prepare
Registering precompiled user dll's ...
Registered in 0.003204 seconds.
Begin MonoManager ReloadAssembly
Native extension for WindowsStandalone target not found
Refreshing native plugins compatible for Editor in 0.43 ms, found 3 plugins.
Preloading 0 native plugins for Editor in 0.00 ms.
Mono: successfully reloaded assembly
- Completed reload, in  0.858 seconds
Platform modules already initialized, skipping
Refreshing native plugins compatible for Editor in 0.46 ms, found 3 plugins.
Preloading 0 native plugins for Editor in 0.00 ms.
Unloading 2087 Unused Serialized files (Serialized files now loaded: 0)
System memory in use before: 93.8 MB.
System memory in use after: 93.9 MB.

Unloading 17 unused Assets to reduce memory usage. Loaded Objects now: 2607.
Total: 1.918300 ms (FindLiveObjects: 0.208700 ms CreateObjectMapping: 0.082000 ms MarkObjects: 1.609800 ms  DeleteObjects: 0.016800 ms)

========================================================================
Received Prepare
Registering precompiled user dll's ...
Registered in 0.003136 seconds.
Begin MonoManager ReloadAssembly
Native extension for WindowsStandalone target not found
Refreshing native plugins compatible for Editor in 0.43 ms, found 3 plugins.
Preloading 0 native plugins for Editor in 0.00 ms.
Mono: successfully reloaded assembly
- Completed reload, in  0.873 seconds
Platform modules already initialized, skipping
Refreshing native plugins compatible for Editor in 0.46 ms, found 3 plugins.
Preloading 0 native plugins for Editor in 0.00 ms.
Unloading 2087 Unused Serialized files (Serialized files now loaded: 0)
System memory in use before: 93.8 MB.
System memory in use after: 94.0 MB.

Unloading 17 unused Assets to reduce memory usage. Loaded Objects now: 2610.
Total: 1.917000 ms (FindLiveObjects: 0.179900 ms CreateObjectMapping: 0.071700 ms MarkObjects: 1.647900 ms  DeleteObjects: 0.016300 ms)

========================================================================
Received Import Request.
  Time since last request: 142.521694 seconds.
  path: Assets/Scenes/Dialogue 3.unity
  artifactKey: Guid(28bd7270f3245b440b17830cbfd21c94) Importer(815301076,1909f56bfc062723c751e8b465ee728b)
Start importing Assets/Scenes/Dialogue 3.unity using Guid(28bd7270f3245b440b17830cbfd21c94) Importer(815301076,1909f56bfc062723c751e8b465ee728b)  -> (artifact id: 'ab28bf775b512ead681893aa18d41314') in 0.011179 seconds
  Import took 0.014048 seconds .

========================================================================
Received Prepare
Registering precompiled user dll's ...
Registered in 0.003090 seconds.
Begin MonoManager ReloadAssembly
Native extension for WindowsStandalone target not found
Refreshing native plugins compatible for Editor in 0.46 ms, found 3 plugins.
Preloading 0 native plugins for Editor in 0.00 ms.
Mono: successfully reloaded assembly
- Completed reload, in  0.871 seconds
Platform modules already initialized, skipping
Refreshing native plugins compatible for Editor in 0.43 ms, found 3 plugins.
Preloading 0 native plugins for Editor in 0.00 ms.
Unloading 2087 Unused Serialized files (Serialized files now loaded: 0)
System memory in use before: 93.8 MB.
System memory in use after: 94.0 MB.

Unloading 17 unused Assets to reduce memory usage. Loaded Objects now: 2613.
Total: 1.925400 ms (FindLiveObjects: 0.164000 ms CreateObjectMapping: 0.063500 ms MarkObjects: 1.681600 ms  DeleteObjects: 0.015400 ms)

========================================================================
Received Import Request.
  Time since last request: 514.001030 seconds.
  path: Assets/Scenes/Dialogue 1.unity
  artifactKey: Guid(6e43db498a024ce47862d0a7986091a5) Importer(815301076,1909f56bfc062723c751e8b465ee728b)
Start importing Assets/Scenes/Dialogue 1.unity using Guid(6e43db498a024ce47862d0a7986091a5) Importer(815301076,1909f56bfc062723c751e8b465ee728b)  -> (artifact id: 'd4cf0fca2f23acbf88a88735c3e850c8') in 0.009420 seconds
  Import took 0.012306 seconds .

========================================================================
Received Prepare
Registering precompiled user dll's ...
Registered in 0.003149 seconds.
Begin MonoManager ReloadAssembly
Native extension for WindowsStandalone target not found
Refreshing native plugins compatible for Editor in 0.42 ms, found 3 plugins.
Preloading 0 native plugins for Editor in 0.00 ms.
Mono: successfully reloaded assembly
- Completed reload, in  0.861 seconds
Platform modules already initialized, skipping
Refreshing native plugins compatible for Editor in 0.41 ms, found 3 plugins.
Preloading 0 native plugins for Editor in 0.00 ms.
Unloading 2087 Unused Serialized files (Serialized files now loaded: 0)
System memory in use before: 93.9 MB.
System memory in use after: 94.0 MB.

Unloading 17 unused Assets to reduce memory usage. Loaded Objects now: 2616.
Total: 2.081200 ms (FindLiveObjects: 0.179500 ms CreateObjectMapping: 0.070000 ms MarkObjects: 1.815300 ms  DeleteObjects: 0.015600 ms)

========================================================================
Received Import Request.
  Time since last request: 102.867670 seconds.
  path: Assets/Scripts/Dialogue/Dialogue.cs
  artifactKey: Guid(2831587298b7e0747bfd3e0ec161e9b1) Importer(815301076,1909f56bfc062723c751e8b465ee728b)
Start importing Assets/Scripts/Dialogue/Dialogue.cs using Guid(2831587298b7e0747bfd3e0ec161e9b1) Importer(815301076,1909f56bfc062723c751e8b465ee728b)  -> (artifact id: '2de884ce32e41786cca49d45e6675b64') in 0.007314 seconds
  Import took 0.010047 seconds .

========================================================================
Received Import Request.
  Time since last request: 23.981783 seconds.
  path: Assets/Sprites/Portraits
  artifactKey: Guid(421e7aa33c3f62640ad510928afce89c) Importer(815301076,1909f56bfc062723c751e8b465ee728b)
Start importing Assets/Sprites/Portraits using Guid(421e7aa33c3f62640ad510928afce89c) Importer(815301076,1909f56bfc062723c751e8b465ee728b)  -> (artifact id: '1c04c16024fac30ae8a68a215c23ac64') in 0.005981 seconds
  Import took 0.009082 seconds .

========================================================================
Received Import Request.
  Time since last request: 8.479082 seconds.
  path: Assets/Sprites/Portraits/TS_aegis_annoyed.png
  artifactKey: Guid(3a31f9d3ca2a98e4b9ceff0ef5399166) Importer(815301076,1909f56bfc062723c751e8b465ee728b)
Start importing Assets/Sprites/Portraits/TS_aegis_annoyed.png using Guid(3a31f9d3ca2a98e4b9ceff0ef5399166) Importer(815301076,1909f56bfc062723c751e8b465ee728b)  -> (artifact id: '3738a7662d2641c575bbe1962c2b0d87') in 0.100521 seconds
  Import took 0.103489 seconds .

========================================================================
Received Import Request.
  Time since last request: 0.000217 seconds.
  path: Assets/Sprites/Portraits/TS_lorelai_uncomfy.png
  artifactKey: Guid(52860623cce322a4faf8c625c7e5b765) Importer(815301076,1909f56bfc062723c751e8b465ee728b)
Start importing Assets/Sprites/Portraits/TS_lorelai_uncomfy.png using Guid(52860623cce322a4faf8c625c7e5b765) Importer(815301076,1909f56bfc062723c751e8b465ee728b)  -> (artifact id: 'aad5bed890b11563a16f37b63d419bee') in 0.012062 seconds
  Import took 0.014716 seconds .

========================================================================
Received Import Request.
  Time since last request: 0.000206 seconds.
  path: Assets/Sprites/Portraits/TS_lorelai_shy.png
  artifactKey: Guid(ea656da3bf1d2ed45b49004860b8371c) Importer(815301076,1909f56bfc062723c751e8b465ee728b)
Start importing Assets/Sprites/Portraits/TS_lorelai_shy.png using Guid(ea656da3bf1d2ed45b49004860b8371c) Importer(815301076,1909f56bfc062723c751e8b465ee728b)  -> (artifact id: 'b60f93284a716d6f06fe6f77e7524f01') in 0.011741 seconds
  Import took 0.014637 seconds .

========================================================================
Received Import Request.
  Time since last request: 0.000280 seconds.
  path: Assets/Sprites/Portraits/TS_blood_openeyes.png
  artifactKey: Guid(fee1c1ca21653c941872cc1b4f97ec20) Importer(815301076,1909f56bfc062723c751e8b465ee728b)
Start importing Assets/Sprites/Portraits/TS_blood_openeyes.png using Guid(fee1c1ca21653c941872cc1b4f97ec20) Importer(815301076,1909f56bfc062723c751e8b465ee728b)  -> (artifact id: '133bbec1c2c2642337105ec01c1a83eb') in 0.012732 seconds
  Import took 0.015551 seconds .

========================================================================
Received Import Request.
  Time since last request: 0.000191 seconds.
  path: Assets/Sprites/Portraits/TS_lorelai_alarm.png
  artifactKey: Guid(d687166b4f4ef2e4ea0a4b10793238ed) Importer(815301076,1909f56bfc062723c751e8b465ee728b)
Start importing Assets/Sprites/Portraits/TS_lorelai_alarm.png using Guid(d687166b4f4ef2e4ea0a4b10793238ed) Importer(815301076,1909f56bfc062723c751e8b465ee728b)  -> (artifact id: '6aceabcab99eae057d8cf44aa40b94d6') in 0.011093 seconds
  Import took 0.013932 seconds .

========================================================================
Received Import Request.
  Time since last request: 0.000215 seconds.
  path: Assets/Sprites/Portraits/TS_lorelai_smile.png
  artifactKey: Guid(d841db1a985c0bb41b4f4f42fff50d92) Importer(815301076,1909f56bfc062723c751e8b465ee728b)
Start importing Assets/Sprites/Portraits/TS_lorelai_smile.png using Guid(d841db1a985c0bb41b4f4f42fff50d92) Importer(815301076,1909f56bfc062723c751e8b465ee728b)  -> (artifact id: '59e99cb1b0132fc83fedd721a1b9ba4e') in 0.018379 seconds
  Import took 0.021152 seconds .

========================================================================
Received Import Request.
  Time since last request: 0.000219 seconds.
  path: Assets/Sprites/Portraits/TS_aegis_closedeyes.png
  artifactKey: Guid(57ecf905eb2160247a3555ed7ccfae4b) Importer(815301076,1909f56bfc062723c751e8b465ee728b)
Start importing Assets/Sprites/Portraits/TS_aegis_closedeyes.png using Guid(57ecf905eb2160247a3555ed7ccfae4b) Importer(815301076,1909f56bfc062723c751e8b465ee728b)  -> (artifact id: 'f2b51bebd0d6c04fbe88cdd01ceba652') in 0.016543 seconds
  Import took 0.019359 seconds .

========================================================================
Received Import Request.
  Time since last request: 0.000150 seconds.
  path: Assets/Sprites/Portraits/TS_blood_closedeyes.png
  artifactKey: Guid(792786e9def89974b929245094f33048) Importer(815301076,1909f56bfc062723c751e8b465ee728b)
Start importing Assets/Sprites/Portraits/TS_blood_closedeyes.png using Guid(792786e9def89974b929245094f33048) Importer(815301076,1909f56bfc062723c751e8b465ee728b)  -> (artifact id: 'c2f71267d0a6f7bee54f67dcdaf3de59') in 0.014386 seconds
  Import took 0.017226 seconds .

========================================================================
Received Prepare
Registering precompiled user dll's ...
Registered in 0.003118 seconds.
Begin MonoManager ReloadAssembly
Native extension for WindowsStandalone target not found
Refreshing native plugins compatible for Editor in 0.43 ms, found 3 plugins.
Preloading 0 native plugins for Editor in 0.00 ms.
Mono: successfully reloaded assembly
- Completed reload, in  0.852 seconds
Platform modules already initialized, skipping
Refreshing native plugins compatible for Editor in 0.47 ms, found 3 plugins.
Preloading 0 native plugins for Editor in 0.00 ms.
Unloading 2087 Unused Serialized files (Serialized files now loaded: 0)
System memory in use before: 96.8 MB.
System memory in use after: 96.9 MB.

Unloading 17 unused Assets to reduce memory usage. Loaded Objects now: 2625.
Total: 1.942700 ms (FindLiveObjects: 0.189100 ms CreateObjectMapping: 0.081300 ms MarkObjects: 1.656200 ms  DeleteObjects: 0.015100 ms)

========================================================================
Received Prepare
Registering precompiled user dll's ...
Registered in 0.004417 seconds.
Begin MonoManager ReloadAssembly
Native extension for WindowsStandalone target not found
Refreshing native plugins compatible for Editor in 0.45 ms, found 3 plugins.
Preloading 0 native plugins for Editor in 0.00 ms.
Mono: successfully reloaded assembly
- Completed reload, in  0.860 seconds
Platform modules already initialized, skipping
Refreshing native plugins compatible for Editor in 0.49 ms, found 3 plugins.
Preloading 0 native plugins for Editor in 0.00 ms.
Unloading 2087 Unused Serialized files (Serialized files now loaded: 0)
System memory in use before: 96.8 MB.
System memory in use after: 96.9 MB.

Unloading 17 unused Assets to reduce memory usage. Loaded Objects now: 2628.
Total: 2.050600 ms (FindLiveObjects: 0.220100 ms CreateObjectMapping: 0.089000 ms MarkObjects: 1.723600 ms  DeleteObjects: 0.016900 ms)

========================================================================
Received Prepare
Registering precompiled user dll's ...
Registered in 0.003120 seconds.
Begin MonoManager ReloadAssembly
Native extension for WindowsStandalone target not found
Refreshing native plugins compatible for Editor in 0.47 ms, found 3 plugins.
Preloading 0 native plugins for Editor in 0.00 ms.
Mono: successfully reloaded assembly
- Completed reload, in  0.860 seconds
Platform modules already initialized, skipping
Refreshing native plugins compatible for Editor in 0.42 ms, found 3 plugins.
Preloading 0 native plugins for Editor in 0.00 ms.
Unloading 2087 Unused Serialized files (Serialized files now loaded: 0)
System memory in use before: 96.8 MB.
System memory in use after: 97.0 MB.

Unloading 17 unused Assets to reduce memory usage. Loaded Objects now: 2631.
Total: 2.259100 ms (FindLiveObjects: 0.240600 ms CreateObjectMapping: 0.096700 ms MarkObjects: 1.897900 ms  DeleteObjects: 0.022900 ms)

========================================================================
Received Prepare
Registering precompiled user dll's ...
Registered in 0.003174 seconds.
Begin MonoManager ReloadAssembly
Native extension for WindowsStandalone target not found
Refreshing native plugins compatible for Editor in 0.44 ms, found 3 plugins.
Preloading 0 native plugins for Editor in 0.00 ms.
Mono: successfully reloaded assembly
- Completed reload, in  0.851 seconds
Platform modules already initialized, skipping
Refreshing native plugins compatible for Editor in 0.41 ms, found 3 plugins.
Preloading 0 native plugins for Editor in 0.00 ms.
Unloading 2087 Unused Serialized files (Serialized files now loaded: 0)
System memory in use before: 96.8 MB.
System memory in use after: 97.0 MB.

Unloading 17 unused Assets to reduce memory usage. Loaded Objects now: 2634.
Total: 2.041000 ms (FindLiveObjects: 0.170900 ms CreateObjectMapping: 0.069600 ms MarkObjects: 1.782800 ms  DeleteObjects: 0.016800 ms)

========================================================================
Received Prepare
Registering precompiled user dll's ...
Registered in 0.003116 seconds.
Begin MonoManager ReloadAssembly
Native extension for WindowsStandalone target not found
Refreshing native plugins compatible for Editor in 0.43 ms, found 3 plugins.
Preloading 0 native plugins for Editor in 0.00 ms.
Mono: successfully reloaded assembly
- Completed reload, in  0.851 seconds
Platform modules already initialized, skipping
Refreshing native plugins compatible for Editor in 0.48 ms, found 3 plugins.
Preloading 0 native plugins for Editor in 0.00 ms.
Unloading 2087 Unused Serialized files (Serialized files now loaded: 0)
System memory in use before: 96.9 MB.
System memory in use after: 97.0 MB.

Unloading 17 unused Assets to reduce memory usage. Loaded Objects now: 2637.
Total: 2.051200 ms (FindLiveObjects: 0.208500 ms CreateObjectMapping: 0.088400 ms MarkObjects: 1.735900 ms  DeleteObjects: 0.017400 ms)

========================================================================
Received Prepare
Registering precompiled user dll's ...
Registered in 0.003191 seconds.
Begin MonoManager ReloadAssembly
Native extension for WindowsStandalone target not found
Refreshing native plugins compatible for Editor in 0.51 ms, found 3 plugins.
Preloading 0 native plugins for Editor in 0.00 ms.
Mono: successfully reloaded assembly
- Completed reload, in  0.848 seconds
Platform modules already initialized, skipping
Refreshing native plugins compatible for Editor in 0.41 ms, found 3 plugins.
Preloading 0 native plugins for Editor in 0.00 ms.
Unloading 2087 Unused Serialized files (Serialized files now loaded: 0)
System memory in use before: 96.9 MB.
System memory in use after: 97.0 MB.

Unloading 17 unused Assets to reduce memory usage. Loaded Objects now: 2640.
Total: 1.863900 ms (FindLiveObjects: 0.189000 ms CreateObjectMapping: 0.073300 ms MarkObjects: 1.585700 ms  DeleteObjects: 0.015000 ms)

========================================================================
Received Prepare
Registering precompiled user dll's ...
Registered in 0.003084 seconds.
Begin MonoManager ReloadAssembly
Native extension for WindowsStandalone target not found
Refreshing native plugins compatible for Editor in 0.43 ms, found 3 plugins.
Preloading 0 native plugins for Editor in 0.00 ms.
Mono: successfully reloaded assembly
- Completed reload, in  0.864 seconds
Platform modules already initialized, skipping
Refreshing native plugins compatible for Editor in 0.46 ms, found 3 plugins.
Preloading 0 native plugins for Editor in 0.00 ms.
Unloading 2087 Unused Serialized files (Serialized files now loaded: 0)
System memory in use before: 96.9 MB.
System memory in use after: 97.0 MB.

Unloading 17 unused Assets to reduce memory usage. Loaded Objects now: 2643.
Total: 1.871500 ms (FindLiveObjects: 0.180800 ms CreateObjectMapping: 0.068200 ms MarkObjects: 1.605900 ms  DeleteObjects: 0.015500 ms)

========================================================================
Received Import Request.
  Time since last request: 621.470602 seconds.
  path: Assets/Scripts/SceneLoader.cs
  artifactKey: Guid(b332efb936ed42c4e9b2f02e8a6886e3) Importer(815301076,1909f56bfc062723c751e8b465ee728b)
Start importing Assets/Scripts/SceneLoader.cs using Guid(b332efb936ed42c4e9b2f02e8a6886e3) Importer(815301076,1909f56bfc062723c751e8b465ee728b)  -> (artifact id: 'f5df3bd38a9aa7c54af00393b081f0e2') in 0.004132 seconds
  Import took 0.007009 seconds .

========================================================================
Received Import Request.
  Time since last request: 0.010764 seconds.
  path: Assets/Scripts/SceneLoader.cs
  artifactKey: Guid(b332efb936ed42c4e9b2f02e8a6886e3) Importer(815301076,1909f56bfc062723c751e8b465ee728b)
Start importing Assets/Scripts/SceneLoader.cs using Guid(b332efb936ed42c4e9b2f02e8a6886e3) Importer(815301076,1909f56bfc062723c751e8b465ee728b)  -> (artifact id: 'f5df3bd38a9aa7c54af00393b081f0e2') in 0.001941 seconds
  Import took 0.004726 seconds .

========================================================================
Received Prepare
Registering precompiled user dll's ...
Registered in 0.003296 seconds.
Begin MonoManager ReloadAssembly
Native extension for WindowsStandalone target not found
Refreshing native plugins compatible for Editor in 0.44 ms, found 3 plugins.
Preloading 0 native plugins for Editor in 0.00 ms.
Mono: successfully reloaded assembly
- Completed reload, in  0.857 seconds
Platform modules already initialized, skipping
Refreshing native plugins compatible for Editor in 0.41 ms, found 3 plugins.
Preloading 0 native plugins for Editor in 0.00 ms.
Unloading 2087 Unused Serialized files (Serialized files now loaded: 0)
System memory in use before: 96.9 MB.
System memory in use after: 97.0 MB.

Unloading 17 unused Assets to reduce memory usage. Loaded Objects now: 2646.
Total: 1.873700 ms (FindLiveObjects: 0.166600 ms CreateObjectMapping: 0.066200 ms MarkObjects: 1.625500 ms  DeleteObjects: 0.014200 ms)

========================================================================
Received Prepare
Registering precompiled user dll's ...
Registered in 0.004213 seconds.
Begin MonoManager ReloadAssembly
Native extension for WindowsStandalone target not found
Refreshing native plugins compatible for Editor in 0.71 ms, found 3 plugins.
Preloading 0 native plugins for Editor in 0.00 ms.
Mono: successfully reloaded assembly
- Completed reload, in  0.857 seconds
Platform modules already initialized, skipping
Refreshing native plugins compatible for Editor in 0.42 ms, found 3 plugins.
Preloading 0 native plugins for Editor in 0.00 ms.
Unloading 2087 Unused Serialized files (Serialized files now loaded: 0)
System memory in use before: 96.9 MB.
System memory in use after: 97.0 MB.

Unloading 17 unused Assets to reduce memory usage. Loaded Objects now: 2649.
Total: 2.090800 ms (FindLiveObjects: 0.187900 ms CreateObjectMapping: 0.062200 ms MarkObjects: 1.823400 ms  DeleteObjects: 0.016300 ms)

========================================================================
Received Import Request.
  Time since last request: 166.035614 seconds.
  path: Assets/Scripts/BattleManager.cs
  artifactKey: Guid(7a8fe391dabe44f4bb463ededf59d833) Importer(815301076,1909f56bfc062723c751e8b465ee728b)
Start importing Assets/Scripts/BattleManager.cs using Guid(7a8fe391dabe44f4bb463ededf59d833) Importer(815301076,1909f56bfc062723c751e8b465ee728b)  -> (artifact id: '77d31cac2e06fd588db08ceee2c150da') in 0.004393 seconds
  Import took 0.007384 seconds .

========================================================================
Received Import Request.
  Time since last request: 0.027450 seconds.
  path: Assets/Scripts/BattleManager.cs
  artifactKey: Guid(7a8fe391dabe44f4bb463ededf59d833) Importer(815301076,1909f56bfc062723c751e8b465ee728b)
Start importing Assets/Scripts/BattleManager.cs using Guid(7a8fe391dabe44f4bb463ededf59d833) Importer(815301076,1909f56bfc062723c751e8b465ee728b)  -> (artifact id: '77d31cac2e06fd588db08ceee2c150da') in 0.006599 seconds
  Import took 0.009683 seconds .

========================================================================
Received Prepare
Registering precompiled user dll's ...
Registered in 0.003211 seconds.
Begin MonoManager ReloadAssembly
Native extension for WindowsStandalone target not found
Refreshing native plugins compatible for Editor in 0.41 ms, found 3 plugins.
Preloading 0 native plugins for Editor in 0.00 ms.
Mono: successfully reloaded assembly
- Completed reload, in  0.869 seconds
Platform modules already initialized, skipping
Refreshing native plugins compatible for Editor in 0.45 ms, found 3 plugins.
Preloading 0 native plugins for Editor in 0.00 ms.
Unloading 2087 Unused Serialized files (Serialized files now loaded: 0)
System memory in use before: 96.9 MB.
System memory in use after: 97.0 MB.

Unloading 17 unused Assets to reduce memory usage. Loaded Objects now: 2652.
Total: 1.967400 ms (FindLiveObjects: 0.210400 ms CreateObjectMapping: 0.092500 ms MarkObjects: 1.646800 ms  DeleteObjects: 0.016700 ms)

========================================================================
Received Import Request.
  Time since last request: 79.938184 seconds.
  path: Assets/Scripts/BattleManager.cs
  artifactKey: Guid(7a8fe391dabe44f4bb463ededf59d833) Importer(815301076,1909f56bfc062723c751e8b465ee728b)
Start importing Assets/Scripts/BattleManager.cs using Guid(7a8fe391dabe44f4bb463ededf59d833) Importer(815301076,1909f56bfc062723c751e8b465ee728b)  -> (artifact id: 'b6f69e9ca9c21349045e1af27cf44006') in 0.004516 seconds
  Import took 0.007457 seconds .

========================================================================
Received Prepare
Registering precompiled user dll's ...
Registered in 0.003085 seconds.
Begin MonoManager ReloadAssembly
Native extension for WindowsStandalone target not found
Refreshing native plugins compatible for Editor in 0.42 ms, found 3 plugins.
Preloading 0 native plugins for Editor in 0.00 ms.
Mono: successfully reloaded assembly
- Completed reload, in  0.851 seconds
Platform modules already initialized, skipping
Refreshing native plugins compatible for Editor in 0.41 ms, found 3 plugins.
Preloading 0 native plugins for Editor in 0.00 ms.
Unloading 2087 Unused Serialized files (Serialized files now loaded: 0)
System memory in use before: 96.9 MB.
System memory in use after: 97.0 MB.

Unloading 17 unused Assets to reduce memory usage. Loaded Objects now: 2655.
Total: 1.860500 ms (FindLiveObjects: 0.170100 ms CreateObjectMapping: 0.069300 ms MarkObjects: 1.604400 ms  DeleteObjects: 0.015800 ms)

========================================================================
Received Prepare
Registering precompiled user dll's ...
Registered in 0.003143 seconds.
Begin MonoManager ReloadAssembly
Native extension for WindowsStandalone target not found
Refreshing native plugins compatible for Editor in 0.44 ms, found 3 plugins.
Preloading 0 native plugins for Editor in 0.00 ms.
Mono: successfully reloaded assembly
- Completed reload, in  0.870 seconds
Platform modules already initialized, skipping
Refreshing native plugins compatible for Editor in 0.44 ms, found 3 plugins.
Preloading 0 native plugins for Editor in 0.00 ms.
Unloading 2087 Unused Serialized files (Serialized files now loaded: 0)
System memory in use before: 96.9 MB.
System memory in use after: 97.0 MB.

Unloading 17 unused Assets to reduce memory usage. Loaded Objects now: 2658.
Total: 2.189900 ms (FindLiveObjects: 0.214700 ms CreateObjectMapping: 0.068800 ms MarkObjects: 1.888600 ms  DeleteObjects: 0.017100 ms)

========================================================================
Received Prepare
Registering precompiled user dll's ...
Registered in 0.003202 seconds.
Begin MonoManager ReloadAssembly
Native extension for WindowsStandalone target not found
Refreshing native plugins compatible for Editor in 0.43 ms, found 3 plugins.
Preloading 0 native plugins for Editor in 0.00 ms.
Mono: successfully reloaded assembly
- Completed reload, in  0.852 seconds
Platform modules already initialized, skipping
Refreshing native plugins compatible for Editor in 0.44 ms, found 3 plugins.
Preloading 0 native plugins for Editor in 0.00 ms.
Unloading 2087 Unused Serialized files (Serialized files now loaded: 0)
System memory in use before: 96.9 MB.
System memory in use after: 97.0 MB.

Unloading 17 unused Assets to reduce memory usage. Loaded Objects now: 2661.
Total: 1.811000 ms (FindLiveObjects: 0.175100 ms CreateObjectMapping: 0.065500 ms MarkObjects: 1.553900 ms  DeleteObjects: 0.015500 ms)

========================================================================
Received Import Request.
  Time since last request: 97.433771 seconds.
  path: Assets/Scenes/Final Boss.unity
  artifactKey: Guid(6503c00eb1df1bf4fb50dc932607cdce) Importer(815301076,1909f56bfc062723c751e8b465ee728b)
Start importing Assets/Scenes/Final Boss.unity using Guid(6503c00eb1df1bf4fb50dc932607cdce) Importer(815301076,1909f56bfc062723c751e8b465ee728b)  -> (artifact id: 'ed5d89d540cf42a98ac6003642a0ab93') in 0.019773 seconds
  Import took 0.022741 seconds .

========================================================================
Received Prepare
Registering precompiled user dll's ...
Registered in 0.003223 seconds.
Begin MonoManager ReloadAssembly
Native extension for WindowsStandalone target not found
Refreshing native plugins compatible for Editor in 0.43 ms, found 3 plugins.
Preloading 0 native plugins for Editor in 0.00 ms.
Mono: successfully reloaded assembly
- Completed reload, in  0.861 seconds
Platform modules already initialized, skipping
Refreshing native plugins compatible for Editor in 0.41 ms, found 3 plugins.
Preloading 0 native plugins for Editor in 0.00 ms.
Unloading 2087 Unused Serialized files (Serialized files now loaded: 0)
System memory in use before: 96.9 MB.
System memory in use after: 97.0 MB.

Unloading 17 unused Assets to reduce memory usage. Loaded Objects now: 2664.
Total: 2.084500 ms (FindLiveObjects: 0.206500 ms CreateObjectMapping: 0.067700 ms MarkObjects: 1.792400 ms  DeleteObjects: 0.016900 ms)

========================================================================
Received Import Request.
  Time since last request: 203.596906 seconds.
  path: Assets/Prefabs/Enemies/Crypt Guard.prefab
  artifactKey: Guid(d0d7329950645b7409acf8987e160d40) Importer(815301076,1909f56bfc062723c751e8b465ee728b)
Start importing Assets/Prefabs/Enemies/Crypt Guard.prefab using Guid(d0d7329950645b7409acf8987e160d40) Importer(815301076,1909f56bfc062723c751e8b465ee728b)  -> (artifact id: 'f1eabea7fc687473bbfbcf2eb700f968') in 0.037544 seconds
  Import took 0.040737 seconds .

========================================================================
Received Import Request.
  Time since last request: 0.549326 seconds.
  path: Assets/Prefabs/Enemies/Crypt Guard.prefab
  artifactKey: Guid(d0d7329950645b7409acf8987e160d40) Importer(815301076,1909f56bfc062723c751e8b465ee728b)
Start importing Assets/Prefabs/Enemies/Crypt Guard.prefab using Guid(d0d7329950645b7409acf8987e160d40) Importer(815301076,1909f56bfc062723c751e8b465ee728b)  -> (artifact id: '4c0f41492a9e0be2f60ecb86fb8ac8df') in 0.004006 seconds
  Import took 0.007135 seconds .

========================================================================
Received Import Request.
  Time since last request: 1.001964 seconds.
  path: Assets/Prefabs/Enemies/Crypt Guard.prefab
  artifactKey: Guid(d0d7329950645b7409acf8987e160d40) Importer(815301076,1909f56bfc062723c751e8b465ee728b)
Start importing Assets/Prefabs/Enemies/Crypt Guard.prefab using Guid(d0d7329950645b7409acf8987e160d40) Importer(815301076,1909f56bfc062723c751e8b465ee728b)  -> (artifact id: '2fc1d393a603bbfa7546e6926d36439a') in 0.003841 seconds
  Import took 0.007017 seconds .

========================================================================
Received Import Request.
  Time since last request: 1.405025 seconds.
  path: Assets/Prefabs/Enemies/Crypt Guard.prefab
  artifactKey: Guid(d0d7329950645b7409acf8987e160d40) Importer(815301076,1909f56bfc062723c751e8b465ee728b)
Start importing Assets/Prefabs/Enemies/Crypt Guard.prefab using Guid(d0d7329950645b7409acf8987e160d40) Importer(815301076,1909f56bfc062723c751e8b465ee728b)  -> (artifact id: '6e1e8a526cffb9e43a7540174a5d87fa') in 0.003606 seconds
  Import took 0.006726 seconds .

========================================================================
Received Import Request.
  Time since last request: 1.816235 seconds.
  path: Assets/Prefabs/Enemies/Crypt Guard.prefab
  artifactKey: Guid(d0d7329950645b7409acf8987e160d40) Importer(815301076,1909f56bfc062723c751e8b465ee728b)
Start importing Assets/Prefabs/Enemies/Crypt Guard.prefab using Guid(d0d7329950645b7409acf8987e160d40) Importer(815301076,1909f56bfc062723c751e8b465ee728b)  -> (artifact id: '4d519a0ee03bf5a7f03161509a6aacc0') in 0.003569 seconds
  Import took 0.006696 seconds .

========================================================================
Received Import Request.
  Time since last request: 1.604840 seconds.
  path: Assets/Prefabs/Enemies/Crypt Guard.prefab
  artifactKey: Guid(d0d7329950645b7409acf8987e160d40) Importer(815301076,1909f56bfc062723c751e8b465ee728b)
Start importing Assets/Prefabs/Enemies/Crypt Guard.prefab using Guid(d0d7329950645b7409acf8987e160d40) Importer(815301076,1909f56bfc062723c751e8b465ee728b)  -> (artifact id: '4c0eaff505c4903bf438125e7569d6fd') in 0.003514 seconds
  Import took 0.006585 seconds .

========================================================================
Received Import Request.
  Time since last request: 6.934195 seconds.
  path: Assets/Prefabs/Enemies/Dead Hero.prefab
  artifactKey: Guid(2d84a6cb541e04d4da148ec1f8e69b96) Importer(815301076,1909f56bfc062723c751e8b465ee728b)
Start importing Assets/Prefabs/Enemies/Dead Hero.prefab using Guid(2d84a6cb541e04d4da148ec1f8e69b96) Importer(815301076,1909f56bfc062723c751e8b465ee728b)  -> (artifact id: '3fb32b43a363d6c5ca52c965e72cbdf7') in 0.004684 seconds
  Import took 0.007878 seconds .

========================================================================
Received Import Request.
  Time since last request: 1.004598 seconds.
  path: Assets/Prefabs/Enemies/Dead Hero.prefab
  artifactKey: Guid(2d84a6cb541e04d4da148ec1f8e69b96) Importer(815301076,1909f56bfc062723c751e8b465ee728b)
Start importing Assets/Prefabs/Enemies/Dead Hero.prefab using Guid(2d84a6cb541e04d4da148ec1f8e69b96) Importer(815301076,1909f56bfc062723c751e8b465ee728b)  -> (artifact id: '43dc69133e01fb16aa19cf8ca6558b4e') in 0.004165 seconds
  Import took 0.007197 seconds .

========================================================================
Received Import Request.
  Time since last request: 1.025226 seconds.
  path: Assets/Prefabs/Enemies/Dead Hero.prefab
  artifactKey: Guid(2d84a6cb541e04d4da148ec1f8e69b96) Importer(815301076,1909f56bfc062723c751e8b465ee728b)
Start importing Assets/Prefabs/Enemies/Dead Hero.prefab using Guid(2d84a6cb541e04d4da148ec1f8e69b96) Importer(815301076,1909f56bfc062723c751e8b465ee728b)  -> (artifact id: '862d658a7e9f60fc196f67c6c0975d44') in 0.003741 seconds
  Import took 0.006808 seconds .

========================================================================
Received Import Request.
  Time since last request: 0.796509 seconds.
  path: Assets/Prefabs/Enemies/Dead Hero.prefab
  artifactKey: Guid(2d84a6cb541e04d4da148ec1f8e69b96) Importer(815301076,1909f56bfc062723c751e8b465ee728b)
Start importing Assets/Prefabs/Enemies/Dead Hero.prefab using Guid(2d84a6cb541e04d4da148ec1f8e69b96) Importer(815301076,1909f56bfc062723c751e8b465ee728b)  -> (artifact id: '6997b62ade8ae2dd586fba99cfc12e7a') in 0.003566 seconds
  Import took 0.006783 seconds .

========================================================================
Received Import Request.
  Time since last request: 0.597925 seconds.
  path: Assets/Prefabs/Enemies/Dead Hero.prefab
  artifactKey: Guid(2d84a6cb541e04d4da148ec1f8e69b96) Importer(815301076,1909f56bfc062723c751e8b465ee728b)
Start importing Assets/Prefabs/Enemies/Dead Hero.prefab using Guid(2d84a6cb541e04d4da148ec1f8e69b96) Importer(815301076,1909f56bfc062723c751e8b465ee728b)  -> (artifact id: 'a5bf1c32551471dd0e00000f2bb68269') in 0.003412 seconds
  Import took 0.006524 seconds .

========================================================================
Received Import Request.
  Time since last request: 6.133319 seconds.
  path: Assets/Prefabs/Enemies/Enemy.prefab
  artifactKey: Guid(484a8e027da60364fafe3e7871fd350c) Importer(815301076,1909f56bfc062723c751e8b465ee728b)
Start importing Assets/Prefabs/Enemies/Enemy.prefab using Guid(484a8e027da60364fafe3e7871fd350c) Importer(815301076,1909f56bfc062723c751e8b465ee728b)  -> (artifact id: '73713d25a57b650f990b061d56c81de3') in 0.006963 seconds
  Import took 0.010144 seconds .

========================================================================
Received Prepare
Registering precompiled user dll's ...
Registered in 0.003757 seconds.
Begin MonoManager ReloadAssembly
Native extension for WindowsStandalone target not found
Refreshing native plugins compatible for Editor in 0.44 ms, found 3 plugins.
Preloading 0 native plugins for Editor in 0.00 ms.
Mono: successfully reloaded assembly
- Completed reload, in  0.871 seconds
Platform modules already initialized, skipping
Refreshing native plugins compatible for Editor in 0.42 ms, found 3 plugins.
Preloading 0 native plugins for Editor in 0.00 ms.
Unloading 2087 Unused Serialized files (Serialized files now loaded: 0)
System memory in use before: 97.0 MB.
System memory in use after: 97.1 MB.

Unloading 19 unused Assets to reduce memory usage. Loaded Objects now: 2669.
Total: 2.027500 ms (FindLiveObjects: 0.182700 ms CreateObjectMapping: 0.066900 ms MarkObjects: 1.752500 ms  DeleteObjects: 0.024400 ms)

========================================================================
Received Import Request.
  Time since last request: 78.541494 seconds.
  path: Assets/Scenes/Final Boss.unity
  artifactKey: Guid(6503c00eb1df1bf4fb50dc932607cdce) Importer(815301076,1909f56bfc062723c751e8b465ee728b)
Start importing Assets/Scenes/Final Boss.unity using Guid(6503c00eb1df1bf4fb50dc932607cdce) Importer(815301076,1909f56bfc062723c751e8b465ee728b)  -> (artifact id: '2a1f7da6a798ff949ecace725fa48652') in 0.010648 seconds
  Import took 0.013835 seconds .

========================================================================
Received Import Request.
  Time since last request: 15.030260 seconds.
  path: Assets/Scenes/Lich.unity
  artifactKey: Guid(6af45be749b16d341bb1e366d7c74ae5) Importer(815301076,1909f56bfc062723c751e8b465ee728b)
Start importing Assets/Scenes/Lich.unity using Guid(6af45be749b16d341bb1e366d7c74ae5) Importer(815301076,1909f56bfc062723c751e8b465ee728b)  -> (artifact id: '4fb65d90b44ddc1f9b9a3fb98d085ebc') in 0.002307 seconds
  Import took 0.005404 seconds .

========================================================================
Received Import Request.
  Time since last request: 0.000905 seconds.
  path: Assets/Scenes/Lich.unity
  artifactKey: Guid(6af45be749b16d341bb1e366d7c74ae5) Importer(815301076,1909f56bfc062723c751e8b465ee728b)
Start importing Assets/Scenes/Lich.unity using Guid(6af45be749b16d341bb1e366d7c74ae5) Importer(815301076,1909f56bfc062723c751e8b465ee728b)  -> (artifact id: '4fb65d90b44ddc1f9b9a3fb98d085ebc') in 0.002355 seconds
  Import took 0.005402 seconds .

========================================================================
Received Import Request.
  Time since last request: 1.274585 seconds.
  path: Assets/Scenes/Crypt Guard.unity
  artifactKey: Guid(6f877323322d5824ea8461099d05f22e) Importer(815301076,1909f56bfc062723c751e8b465ee728b)
Start importing Assets/Scenes/Crypt Guard.unity using Guid(6f877323322d5824ea8461099d05f22e) Importer(815301076,1909f56bfc062723c751e8b465ee728b)  -> (artifact id: 'd4cbc37381ff02e29e9603a2d4ce1831') in 0.002243 seconds
  Import took 0.005356 seconds .

========================================================================
Received Import Request.
  Time since last request: 0.000399 seconds.
  path: Assets/Scenes/Crypt Guard.unity
  artifactKey: Guid(6f877323322d5824ea8461099d05f22e) Importer(815301076,1909f56bfc062723c751e8b465ee728b)
Start importing Assets/Scenes/Crypt Guard.unity using Guid(6f877323322d5824ea8461099d05f22e) Importer(815301076,1909f56bfc062723c751e8b465ee728b)  -> (artifact id: 'd4cbc37381ff02e29e9603a2d4ce1831') in 0.002171 seconds
  Import took 0.004938 seconds .

========================================================================
Received Prepare
Registering precompiled user dll's ...
Registered in 0.003320 seconds.
Begin MonoManager ReloadAssembly
Native extension for WindowsStandalone target not found
Refreshing native plugins compatible for Editor in 0.41 ms, found 3 plugins.
Preloading 0 native plugins for Editor in 0.00 ms.
Mono: successfully reloaded assembly
- Completed reload, in  0.880 seconds
Platform modules already initialized, skipping
Refreshing native plugins compatible for Editor in 0.42 ms, found 3 plugins.
Preloading 0 native plugins for Editor in 0.00 ms.
Unloading 2087 Unused Serialized files (Serialized files now loaded: 0)
System memory in use before: 97.0 MB.
System memory in use after: 97.2 MB.

Unloading 17 unused Assets to reduce memory usage. Loaded Objects now: 2672.
Total: 2.058000 ms (FindLiveObjects: 0.203800 ms CreateObjectMapping: 0.063600 ms MarkObjects: 1.772900 ms  DeleteObjects: 0.016700 ms)

========================================================================
Received Prepare
Registering precompiled user dll's ...
Registered in 0.003213 seconds.
Begin MonoManager ReloadAssembly
Native extension for WindowsStandalone target not found
Refreshing native plugins compatible for Editor in 0.39 ms, found 3 plugins.
Preloading 0 native plugins for Editor in 0.00 ms.
Mono: successfully reloaded assembly
- Completed reload, in  0.858 seconds
Platform modules already initialized, skipping
Refreshing native plugins compatible for Editor in 0.41 ms, found 3 plugins.
Preloading 0 native plugins for Editor in 0.00 ms.
Unloading 2087 Unused Serialized files (Serialized files now loaded: 0)
System memory in use before: 97.0 MB.
System memory in use after: 97.2 MB.

Unloading 17 unused Assets to reduce memory usage. Loaded Objects now: 2675.
Total: 2.110400 ms (FindLiveObjects: 0.193200 ms CreateObjectMapping: 0.058900 ms MarkObjects: 1.840600 ms  DeleteObjects: 0.016600 ms)

========================================================================
Received Prepare
Registering precompiled user dll's ...
Registered in 0.003159 seconds.
Begin MonoManager ReloadAssembly
Native extension for WindowsStandalone target not found
Refreshing native plugins compatible for Editor in 0.44 ms, found 3 plugins.
Preloading 0 native plugins for Editor in 0.00 ms.
Mono: successfully reloaded assembly
- Completed reload, in  0.859 seconds
Platform modules already initialized, skipping
Refreshing native plugins compatible for Editor in 0.46 ms, found 3 plugins.
Preloading 0 native plugins for Editor in 0.00 ms.
Unloading 2087 Unused Serialized files (Serialized files now loaded: 0)
System memory in use before: 97.1 MB.
System memory in use after: 97.2 MB.

Unloading 17 unused Assets to reduce memory usage. Loaded Objects now: 2678.
Total: 2.036900 ms (FindLiveObjects: 0.218800 ms CreateObjectMapping: 0.101400 ms MarkObjects: 1.699900 ms  DeleteObjects: 0.016000 ms)

========================================================================
Received Prepare
Registering precompiled user dll's ...
Registered in 0.003065 seconds.
Begin MonoManager ReloadAssembly
Native extension for WindowsStandalone target not found
Refreshing native plugins compatible for Editor in 0.43 ms, found 3 plugins.
Preloading 0 native plugins for Editor in 0.00 ms.
Mono: successfully reloaded assembly
- Completed reload, in  0.859 seconds
Platform modules already initialized, skipping
Refreshing native plugins compatible for Editor in 0.42 ms, found 3 plugins.
Preloading 0 native plugins for Editor in 0.00 ms.
Unloading 2087 Unused Serialized files (Serialized files now loaded: 0)
System memory in use before: 97.1 MB.
System memory in use after: 97.2 MB.

Unloading 17 unused Assets to reduce memory usage. Loaded Objects now: 2681.
Total: 1.876600 ms (FindLiveObjects: 0.182400 ms CreateObjectMapping: 0.070000 ms MarkObjects: 1.609000 ms  DeleteObjects: 0.014300 ms)

========================================================================
Received Prepare
Registering precompiled user dll's ...
Registered in 0.003237 seconds.
Begin MonoManager ReloadAssembly
Native extension for WindowsStandalone target not found
Refreshing native plugins compatible for Editor in 0.42 ms, found 3 plugins.
Preloading 0 native plugins for Editor in 0.00 ms.
Mono: successfully reloaded assembly
- Completed reload, in  0.869 seconds
Platform modules already initialized, skipping
Refreshing native plugins compatible for Editor in 0.45 ms, found 3 plugins.
Preloading 0 native plugins for Editor in 0.00 ms.
Unloading 2087 Unused Serialized files (Serialized files now loaded: 0)
System memory in use before: 97.1 MB.
System memory in use after: 97.2 MB.

Unloading 17 unused Assets to reduce memory usage. Loaded Objects now: 2684.
Total: 1.948900 ms (FindLiveObjects: 0.184500 ms CreateObjectMapping: 0.073500 ms MarkObjects: 1.673800 ms  DeleteObjects: 0.016000 ms)

========================================================================
Received Prepare
Registering precompiled user dll's ...
Registered in 0.003825 seconds.
Begin MonoManager ReloadAssembly
Native extension for WindowsStandalone target not found
Refreshing native plugins compatible for Editor in 0.45 ms, found 3 plugins.
Preloading 0 native plugins for Editor in 0.00 ms.
Mono: successfully reloaded assembly
- Completed reload, in  0.917 seconds
Platform modules already initialized, skipping
Refreshing native plugins compatible for Editor in 0.49 ms, found 3 plugins.
Preloading 0 native plugins for Editor in 0.00 ms.
Unloading 2087 Unused Serialized files (Serialized files now loaded: 0)
System memory in use before: 97.1 MB.
System memory in use after: 97.2 MB.

Unloading 17 unused Assets to reduce memory usage. Loaded Objects now: 2687.
Total: 2.017100 ms (FindLiveObjects: 0.208800 ms CreateObjectMapping: 0.076700 ms MarkObjects: 1.710300 ms  DeleteObjects: 0.019900 ms)

========================================================================
Received Import Request.
  Time since last request: 263.102920 seconds.
  path: Assets/Scenes/Lich.unity
  artifactKey: Guid(6af45be749b16d341bb1e366d7c74ae5) Importer(815301076,1909f56bfc062723c751e8b465ee728b)
Start importing Assets/Scenes/Lich.unity using Guid(6af45be749b16d341bb1e366d7c74ae5) Importer(815301076,1909f56bfc062723c751e8b465ee728b)  -> (artifact id: 'c20b7248b6de2269874adb863e190ecc') in 0.012138 seconds
  Import took 0.015181 seconds .

========================================================================
Received Prepare
Registering precompiled user dll's ...
Registered in 0.003141 seconds.
Begin MonoManager ReloadAssembly
Native extension for WindowsStandalone target not found
Refreshing native plugins compatible for Editor in 0.43 ms, found 3 plugins.
Preloading 0 native plugins for Editor in 0.00 ms.
Mono: successfully reloaded assembly
- Completed reload, in  0.901 seconds
Platform modules already initialized, skipping
Refreshing native plugins compatible for Editor in 0.42 ms, found 3 plugins.
Preloading 0 native plugins for Editor in 0.00 ms.
Unloading 2087 Unused Serialized files (Serialized files now loaded: 0)
System memory in use before: 97.1 MB.
System memory in use after: 97.2 MB.

Unloading 17 unused Assets to reduce memory usage. Loaded Objects now: 2690.
Total: 1.926400 ms (FindLiveObjects: 0.204500 ms CreateObjectMapping: 0.076700 ms MarkObjects: 1.629400 ms  DeleteObjects: 0.014800 ms)

========================================================================
Received Import Request.
  Time since last request: 9.430507 seconds.
  path: Assets/Scenes/Crypt Guard.unity
  artifactKey: Guid(6f877323322d5824ea8461099d05f22e) Importer(815301076,1909f56bfc062723c751e8b465ee728b)
Start importing Assets/Scenes/Crypt Guard.unity using Guid(6f877323322d5824ea8461099d05f22e) Importer(815301076,1909f56bfc062723c751e8b465ee728b)  -> (artifact id: 'ff945bc43f2430ecbb741445f384f102') in 0.010367 seconds
  Import took 0.013293 seconds .

========================================================================
Received Prepare
Registering precompiled user dll's ...
Registered in 0.003130 seconds.
Begin MonoManager ReloadAssembly
Native extension for WindowsStandalone target not found
Refreshing native plugins compatible for Editor in 0.39 ms, found 3 plugins.
Preloading 0 native plugins for Editor in 0.00 ms.
Mono: successfully reloaded assembly
- Completed reload, in  0.856 seconds
Platform modules already initialized, skipping
Refreshing native plugins compatible for Editor in 0.42 ms, found 3 plugins.
Preloading 0 native plugins for Editor in 0.00 ms.
Unloading 2087 Unused Serialized files (Serialized files now loaded: 0)
System memory in use before: 97.1 MB.
System memory in use after: 97.2 MB.

Unloading 17 unused Assets to reduce memory usage. Loaded Objects now: 2693.
Total: 1.879800 ms (FindLiveObjects: 0.182900 ms CreateObjectMapping: 0.068200 ms MarkObjects: 1.611000 ms  DeleteObjects: 0.016800 ms)

========================================================================
Received Prepare
Registering precompiled user dll's ...
Registered in 0.003184 seconds.
Begin MonoManager ReloadAssembly
Native extension for WindowsStandalone target not found
Refreshing native plugins compatible for Editor in 0.42 ms, found 3 plugins.
Preloading 0 native plugins for Editor in 0.00 ms.
Mono: successfully reloaded assembly
- Completed reload, in  0.853 seconds
Platform modules already initialized, skipping
Refreshing native plugins compatible for Editor in 0.43 ms, found 3 plugins.
Preloading 0 native plugins for Editor in 0.00 ms.
Unloading 2087 Unused Serialized files (Serialized files now loaded: 0)
System memory in use before: 97.1 MB.
System memory in use after: 97.2 MB.

Unloading 17 unused Assets to reduce memory usage. Loaded Objects now: 2696.
Total: 1.948000 ms (FindLiveObjects: 0.199600 ms CreateObjectMapping: 0.062800 ms MarkObjects: 1.669500 ms  DeleteObjects: 0.015400 ms)

========================================================================
Received Prepare
Registering precompiled user dll's ...
Registered in 0.003173 seconds.
Begin MonoManager ReloadAssembly
Native extension for WindowsStandalone target not found
Refreshing native plugins compatible for Editor in 0.42 ms, found 3 plugins.
Preloading 0 native plugins for Editor in 0.00 ms.
Mono: successfully reloaded assembly
- Completed reload, in  0.857 seconds
Platform modules already initialized, skipping
Refreshing native plugins compatible for Editor in 0.42 ms, found 3 plugins.
Preloading 0 native plugins for Editor in 0.00 ms.
Unloading 2087 Unused Serialized files (Serialized files now loaded: 0)
System memory in use before: 97.1 MB.
System memory in use after: 97.2 MB.

Unloading 17 unused Assets to reduce memory usage. Loaded Objects now: 2699.
Total: 2.395900 ms (FindLiveObjects: 0.318800 ms CreateObjectMapping: 0.099800 ms MarkObjects: 1.955800 ms  DeleteObjects: 0.019900 ms)

AssetImportWorkerClient::OnTransportError - code=2 error=End of file
